ENCFF671VDI:missed_target=ID3|chr1:23884421-23886285, target=NR4A1
ENCFF671VDI:missed_target=chr1:23897001-23898001, target=NR4A1
ENCFF671VDI:missed_target=chr9:118830001-118831001, target=NR4A1
ENCFF671VDI:missed_target=chr2:154078001-154079001, target=NR4A1
ENCFF519FTA:missed_target=chr4:41218001-41219001, target=KLF13
KLF13ENCFF345KIN:missed_target=chr8:73422001-73423001, target=MAFG
ENCFF345KIN:missed_target=NOTUM|chr17:79910383-79919057, target=MAFG
ENCFF345KIN:missed_target=POLR1E|chr9:37485932-37503694, target=MAFG
MAFGENCFF548RTA:missed_target=NR4A1|chr12:52416616-52453291, target=ID3
ENCFF548RTA:missed_target=chr12:52455001-52456001, target=ID3
ENCFF548RTA:missed_target=chr13:45416001-45417001, target=ID3
ENCFF548RTA:missed_target=DOK2-Cterm|chr8:21765384-21766384, target=ID3
ENCFF548RTA:missed_target=chr2:107177001-107178001, target=ID3
ENCFF548RTA:missed_target=ACVR1B|chr12:52345451-52390863, target=ID3
ZNF24ZNF24ENCFF474LQU:missed_target=chr2:33141001-33142001, target=PTRF
PTRFNFE2L1PYGO2DDX20ENCFF908PTR:missed_target=TAF10-Cterm|chr11:6631048-6632048, target=ILK
ILKENCFF156EZY:missed_target=chr20:48684001-48685001, target=CEBPB
CEBPBENCFF493SOQ:missed_target=ZNF446|chr19:58987531-59000900, target=TSC22D4
ENCFF493SOQ:missed_target=ZNF8|chr19:58790318-58807254, target=TSC22D4
ENCFF236YCR:missed_target=ID3|chr1:23884421-23886285, target=NR4A1
ENCFF236YCR:missed_target=chr1:23897001-23898001, target=NR4A1
ENCFF236YCR:missed_target=chr5:101344001-101345001, target=NR4A1
ENCFF697PWI:missed_target=chrX:94334001-94335001, target=KLF13
ENCFF697PWI:missed_target=HDAC11|chr3:13521665-13547924, target=KLF13
ENCFF697PWI:missed_target=UHRF1BP1|chr6:34759794-34845291, target=KLF13
KLF13PTTG1RELAHINFPIRF1CEBPBENCFF099UOS:missed_target=chr2:28711001-28712001, target=TAF7
ENCFF099UOS:missed_target=chr1:205722001-205723001, target=TAF7
ENCFF099UOS:missed_target=SBF1|chr22:50883429-50913500, target=TAF7
TAF7ENCFF622ATI:missed_target=NR4A1|chr12:52416616-52453291, target=ID3
ENCFF622ATI:missed_target=chr12:52455001-52456001, target=ID3
IRF1ENCFF168MST:missed_target=LPAR1|chr9:113636054-113800365, target=CEBPB
CEBPBDIDO1ENCFF551WWR:missed_target=ZNF512|chr2:27805836-27846082, target=HINFP
HINFPPYGO2PTRFHDAC8NR2C1ENCFF358PYP:missed_target=chr2:33141001-33142001, target=KLF13
ENCFF358PYP:missed_target=HDAC11|chr3:13521665-13547924, target=KLF13
KLF13ENCFF563YDI:missed_target=ARHGAP21|chr10:24872538-25012597, target=NFE2L1
NFE2L1ENCFF137GVE:missed_target=EMC9-Promoter|chr14:24610797-24611797, target=IRF9
ENCFF137GVE:missed_target=chr3:146468001-146469001, target=IRF9
ENCFF137GVE:missed_target=EPS15|chr1:51819935-51984995, target=IRF9
IRF9KLF16ENCFF284BOO:missed_target=ZNF446|chr19:58987531-59000900, target=TSC22D4
MAZDDX20ENCFF393ANW:missed_target=chr11:13058001-13059001, target=HDAC8
ENCFF393ANW:missed_target=KCNK13|chr14:90528109-90652201, target=HDAC8
HDAC8MAFGENCFF466RJA:missed_target=chr1:91624001-91625001, target=ETS2
ETS2PTTG1IRF9IRF9RELAENCFF734FMS:missed_target=CD37-Cterm|chr19:49843863-49844863, target=TEAD2
TEAD2ENCFF760LCQ:missed_target=ID3|chr1:23884421-23886285, target=NR4A1
ENCFF760LCQ:missed_target=chr1:23897001-23898001, target=NR4A1
NR4A1ENCFF703OVM:missed_target=ZNF446|chr19:58987531-59000900, target=TSC22D4
ENCFF703OVM:missed_target=HIST1H1C|chr6:26055968-26056699, target=TSC22D4
IRF1ENCFF141RCB:missed_target=chr5:138676001-138676520, target=PTRF
PTRFNR2C1ETV1DIDO1ENCFF909GZY:missed_target=chr16:88761001-88761902, target=PRDM12
NFE2GLI4GLIS2KLF17PBX2MEF2DZBTB17ENCFF244FZX:missed_target=chrX:28342001-28343001, target=ZNF71
ZNF71MZF1CTCFENCFF539QEY:missed_target=ZFP37|chr9:115804095-115819071, target=SCRT2
SCRT2PRDM2ENCFF218OLA:missed_target=ZBTB17|chr1:16268364-16302627, target=ZNF2
ZNF2ENCFF844IHT:missed_target=chrX:42786001-42787001, target=ZNF414
ZNF414SCRT1ZNF488POLR2HENCFF028VGN:missed_target=SNAI2|chr8:49830236-49833999, target=ZNF577
ZNF577ZNF510ENCFF656JYN:missed_target=RAD21|chr8:117858173-117887105, target=CREB1
ENCFF656JYN:missed_target=METTL21A|chr2:208445355-208490777, target=CREB1
CREB1OVOL1ENCFF387FVC:missed_target=PPM1G-Cterm|chr2:27603066-27604066, target=ZNF8
ENCFF387FVC:missed_target=ZNF513|chr2:27600098-27603611, target=ZNF8
ENCFF564LRC:missed_target=NR2F6|chr19:17342694-17356151, target=NR2F1
ENCFF564LRC:missed_target=LHX2|chr9:126773889-126795442, target=NR2F1
ENCFF564LRC:missed_target=RAD21|chr8:117858173-117887105, target=NR2F1
ERFERFRAD21ENCFF604BPK:missed_target=SNAI2|chr8:49830236-49833999, target=REST
ZNF561ZNF768ZNF70ZNF770YY1RAD21MAZSMAD3ENCFF761ETZ:missed_target=chr10:52654001-52655001, target=ZNF778
JUNBFOSL2ZSCAN32NR2F6ZNF212ENCFF207VZY:missed_target=ATF4|chr22:39916564-39918691, target=CREB1
ZNF75AZBTB9ERFENCFF230HZW:missed_target=NR2F6|chr19:17342694-17356151, target=ZNF8
ZNF8NR2F1ZBTB44ENCFF150LAR:missed_target=ZNF677|chr19:53738634-53758156, target=ZNF549
ENCFF532GQH:missed_target=ZKSCAN4|chr6:28209483-28227030, target=KLF10
KLF10ZNF8ENCFF316CVS:missed_target=ANKRD11|chr16:89334029-89556969, target=DEAF1
DEAF1FOXA3RAD21ZNF347ZFP1ENCFF035FCR:missed_target=MARS-Cterm|chr12:57910438-57911438, target=ZNF586
ENCFF035FCR:missed_target=DDIT3|chr12:57910371-57914300, target=ZNF586
ZNF57JUNBENCFF547LUD:missed_target=MARS-Cterm|chr12:57910438-57911438, target=ZNF586
ENCFF547LUD:missed_target=DDIT3|chr12:57910371-57914300, target=ZNF586
ENCFF501TZA:missed_target=SLC2A12-Cterm|chr6:134307719-134308719, target=TBPL1
TBPL1ENCFF602AXC:missed_target=chr4:40732001-40733001, target=ZBTB9
ZBTB9ENCFF422RCF:missed_target=NR2F6|chr19:17342694-17356151, target=PRDM15
ENCFF819WYU:missed_target=RAD21|chr8:117858173-117887105, target=DEAF1
DEAF1ENCFF413TFC:missed_target=SLC2A12-Cterm|chr6:134307719-134308719, target=TBPL1
ENCFF413TFC:missed_target=chr4:32777001-32778001, target=TBPL1
ENCFF413TFC:missed_target=C12orf75|chr12:105724414-105765296, target=TBPL1
TBPL1FOSL2ENCFF544JNE:missed_target=SLC2A12-Cterm|chr6:134307719-134308719, target=ZNF212
ENCFF544JNE:missed_target=TBPL1|chr6:134273308-134308638, target=ZNF212
ZNF212ZNF561SMAD3TEAD1ZNF660HMG20AENCFF066EKP:missed_target=COL9A3-Cterm|chr20:61472511-61473511, target=TCFL5
ENCFF066EKP:missed_target=AFAP1|chr4:7760440-7941653, target=TCFL5
TCFL5ZFP1ZNF436ENCFF896QXS:missed_target=RAD21|chr8:117858173-117887105, target=ELK3
ENCFF896QXS:missed_target=PTCD3|chr2:86333305-86369280, target=ELK3
ZNF777ZNF777ENCFF920JRG:missed_target=ZBTB21|chr21:43406940-43430496, target=ZNF629
ENCFF078VXR:missed_target=chr11:65245001-65246001, target=CREB5
CREB5ENCFF160QDU:missed_target=MARS-Cterm|chr12:57910438-57911438, target=DDIT3
DDIT3PATZ1ENCFF154TMY:missed_target=PSMC3IP-Cterm|chr17:40723328-40724328, target=ZNF140
ENCFF154TMY:missed_target=MLX|chr17:40719078-40725221, target=ZNF140
ZNF227ZNF354BENCFF708HJS:missed_target=ZNF473|chr19:50529150-50552033, target=ZNF195
ZNF195ZNF398ENCFF697HNT:missed_target=COG5-Cterm|chr7:106841189-106842189, target=SRF
ENCFF697HNT:missed_target=HBP1|chr7:106809406-106842974, target=SRF
PATZ1ENCFF355TNC:missed_target=HOXA13|chr7:27236499-27239725, target=ZBTB11
ZBTB11PATZ1ZNF101ENCFF117GAX:missed_target=chr2:33141001-33142001, target=ZNF394
ZNF394ENCFF862OIP:missed_target=TMEM56|chr1:95558073-95663163, target=ZBTB17
ZBTB17ENCFF514FUK:missed_target=ZNF354C|chr5:178487416-178510978, target=MZF1
ENCFF514FUK:missed_target=ZNF70|chr22:24083771-24093279, target=MZF1
MZF1ENCFF691JKH:missed_target=C2|chr6:31865562-31913451, target=ZBTB12
ZBTB12ENCFF031VYK:missed_target=SNAI2|chr8:49830236-49833999, target=ZNF189
ENCFF031VYK:missed_target=MRPL50-Promoter|chr9:104160919-104161919, target=ZNF189
ENCFF031VYK:missed_target=FAM124A|chr13:51796470-51858377, target=ZNF189
ZNF189ENCFF201BJK:missed_target=MEGF10|chr5:126626456-126796914, target=ZNF76
ZNF76ZBTB6ZBTB44ENCFF378PPW:missed_target=SNAI2|chr8:49830236-49833999, target=ZNF549
ZNF549ENCFF144ZOK:missed_target=STPG2|chr4:98480025-99064391, target=ZNF512
ENCFF144ZOK:missed_target=NKAIN3|chr8:63161501-63912211, target=ZNF512
ZNF512ETS2ENCFF417ORB:missed_target=ADAM9|chr8:38854505-38962780, target=PBX2
ENCFF417ORB:missed_target=NEB|chr2:152341853-152591001, target=PBX2
PBX2NFE2PRDM4PRDM4MAZNFE2L1AEBP2NR2F6ZNF544ENCFF634RIS:missed_target=PSMC3IP-Cterm|chr17:40723328-40724328, target=MLX
MLXENCFF598DYO:missed_target=ZNF277|chr7:111846643-111983989, target=GTF2A2
ENCFF598DYO:missed_target=chr12:45565001-45566001, target=GTF2A2
ENCFF598DYO:missed_target=chr6:3584001-3585001, target=GTF2A2
ENCFF598DYO:missed_target=MAP3K1|chr5:56110900-56191979, target=GTF2A2
GTF2A2ENCFF677HTA:missed_target=chr5:52661001-52662001, target=GTF2A2
GTF2A2ENCFF555ESZ:missed_target=SNAI2|chr8:49830236-49833999, target=ZNF213
ZNF213ENCFF185UEB:missed_target=PPM1G-Cterm|chr2:27603066-27604066, target=ZNF513
ZNF513ENCFF956EJH:missed_target=ZNF565|chr19:36672962-36705986, target=ZNF449
ZNF449ENCFF585XDY:missed_target=ZNF70|chr22:24083771-24093279, target=ZNF37A
ZNF37AZNF292ENCFF509GKB:missed_target=MARS-Cterm|chr12:57910438-57911438, target=DDIT3
DDIT3ENCFF669NWL:missed_target=ZBTB26|chr9:125680308-125693830, target=ZSCAN20
ZNF48ZNF8ENCFF548SNS:missed_target=chr2:33141001-33142001, target=ETV1
ETV1ENCFF677HXI:missed_target=CD37-Cterm|chr19:49843863-49844863, target=TEAD2
TEAD2ENCFF423ZOG:missed_target=ZNF512|chr2:27805836-27846082, target=HINFP
HINFPHES5-PromoterNR2C1ENCFF170BWT:missed_target=chr15:68132001-68133001, target=HES5
ENCFF274ZEZ:missed_target=GBA2-Cterm|chr9:35735859-35736859, target=CREB3
CREB3RELANFE2L1ZNF354CZNF34ZNF781SRFZNF623ENCFF845LVP:missed_target=SETD5|chr3:9439384-9519838, target=HES5
ENCFF427TUR:missed_target=ETV1|chr7:13930854-14031050, target=PYGO2
PYGO2ZNF341ZNF324ZNF280BENCFF580STU:missed_target=chr1:12595001-12596001, target=ZNF414
ZNF414SP3ATF1|ATF1ZEB1ZSCAN23ENCFF395XDN:missed_target=TAF10-Cterm|chr11:6631048-6632048, target=ILK
ILKZFP64ENCFF528TQX:missed_target=PSMD8|chr19:38865190-38874464, target=ZNF138
ZNF138FEZF1ZNF341KLF17ENCFF708WRY:missed_target=ESR1|chr6:152011631-152450739, target=ZNF331
ENCFF033RQX:missed_target=HAND2|chr4:174447652-174451378, target=ZNF800
KLF9KLF8ENCFF515LZE:missed_target=ZNF268|chr12:133757995-133783698, target=ZNF264
ZNF18CEBPGZEB1ZBTB49ZNF362ZNF34ZNF837ZBTB11ENCFF619LOK:missed_target=ZBTB17|chr1:16268364-16302627, target=ZNF438
ZNF101ENCFF426TGH:missed_target=ZNF232|chr17:5009029-5026337, target=ZNF382
ENCFF270PCJ:missed_target=ZNF268|chr12:133757995-133783698, target=ZNF264
AEBP2ENCFF240EGC:missed_target=ZNF354B|chr5:178286954-178311424, target=ZNF507
ENCFF240EGC:missed_target=chr3:186382001-186382740, target=ZNF507
ENCFF240EGC:missed_target=chr3:175876001-175877001, target=ZNF507
ENCFF240EGC:missed_target=chr19:46749001-46750001, target=ZNF507
ENCFF240EGC:missed_target=ZNF354B|chr5:178286954-178311424, target=ZNF507
ENCFF240EGC:missed_target=ZNF410|chr14:74353318-74398991, target=ZNF507
ENCFF240EGC:missed_target=MAPK8|chr10:49514682-49647403, target=ZNF507
TAF7ENCFF693JKI:missed_target=TMPRSS12|chr12:51236701-51281667, target=ATF1
ATF1|ATF1ZFP64ENCFF132GDV:missed_target=ZNF507|chr19:32836514-32878573, target=ZNF354B
NFE2POLR2HZNF501ZNF239KLF1ETV1ENCFF014DZB:missed_target=ZNF692|chr1:249144203-249153315, target=ZFP69B
ZNF138ENCFF390XLA:missed_target=GBA2-Cterm|chr9:35735859-35736859, target=CREB3
CREB3ZNF24ZNF202CTCFENCFF647KQT:missed_target=chr1:212658001-212659001, target=ATF3
ATF3ENCFF345RFV:missed_target=KLF15|chr3:126061478-126076236, target=ZFP2
ENCFF185PQG:missed_target=ZNF507|chr19:32836514-32878573, target=ZNF354B
ENCFF185PQG:missed_target=chr6:47712001-47713001, target=ZNF354B
ZFP41ZNF146ZBTB7AGLIS1KLF1KLF8OSR2ZSCAN5AENCFF858OMD:missed_target=FAM186A|chr12:50721095-50790405, target=SCRT2
SCRT2KLF6ENCFF169UAL:missed_target=chr2:221989001-221990001, target=HIC1
ENCFF169UAL:missed_target=chr2:33141001-33142001, target=HIC1
HIC1NFE2L1ENCFF975DCU:missed_target=SNAI2|chr8:49830236-49833999, target=ZNF354C
ENCFF109IXL:missed_target=FGF12|chr3:191857182-192445388, target=ATOH8
ZBTB6SCRT1ENCFF035UFD:missed_target=HOXA13|chr7:27236499-27239725, target=NR4A1
ENCFF035UFD:missed_target=HORMAD2|chr22:30476058-30573064, target=NR4A1
NR4A1ENCFF418SMX:missed_target=ZNF232|chr17:5009029-5026337, target=ZNF382
ENCFF418SMX:missed_target=TTC23L|chr5:34839269-34900616, target=ZNF382
ZNF664|ZNF664-RFLNAENCFF830MZV:missed_target=MAD1L1|chr7:1855428-2272583, target=E2F3
E2F3HOXB13ENCFF037XNL:missed_target=HOXA13|chr7:27236499-27239725, target=EHF
ENCFF037XNL:missed_target=HOXB5|chr17:46668619-46671103, target=EHF
ENCFF037XNL:missed_target=HOXB13|chr17:46802125-46806111, target=EHF
ENCFF037XNL:missed_target=FOXF2|chr6:1390069-1395832, target=EHF
ENCFF037XNL:missed_target=BNC2|chr9:16409501-16870786, target=EHF
EHFENCFF071WQZ:missed_target=SP7|chr12:53720359-53738577, target=ZFP2
ZFP2ZFP3ENCFF874IUH:missed_target=NOLC1|chr10:103911933-103923628, target=TBX18
ENCFF874IUH:missed_target=ANKRD54|chr22:38226862-38240353, target=TBX18
TBX18GFI1BENCFF623BWW:missed_target=chr14:88297001-88298001, target=HIC1
HIC1ZBTB7AZNF560ENCFF219XKY:missed_target=ZBTB14|chr18:5289018-5297052, target=ZBTB26
ENCFF837FJY:missed_target=MARS-Cterm|chr12:57910438-57911438, target=PPARD
ENCFF837FJY:missed_target=HOXA13|chr7:27236499-27239725, target=PPARD
ENCFF837FJY:missed_target=DDIT3|chr12:57910371-57914300, target=PPARD
PPARDENCFF272TZP:missed_target=NR4A2|chr2:157180944-157189287, target=PBX1
PBX1ZNF16ENCFF503RUC:missed_target=ZBTB5|chr9:37438099-37465407, target=ZNF696
ZNF696ENCFF919KAD:missed_target=ZNF581-Promoter|chr19:56153986-56154986, target=ZNF580
ZNF580ENCFF815ZVG:missed_target=ZBTB2|chr6:151685250-151712835, target=ZEB2
ZEB2ZBTB49ZNF768ENCFF853QMD:missed_target=HOXA13|chr7:27236499-27239725, target=TSHZ2
ENCFF853QMD:missed_target=HOXB13|chr17:46802125-46806111, target=TSHZ2
ENCFF853QMD:missed_target=HOXB5|chr17:46668619-46671103, target=TSHZ2
ENCFF853QMD:missed_target=EHF|chr11:34642588-34684835, target=TSHZ2
ENCFF853QMD:missed_target=FOXF2|chr6:1390069-1395832, target=TSHZ2
ENCFF853QMD:missed_target=FOXS1|chr20:30432103-30433420, target=TSHZ2
ENCFF853QMD:missed_target=chr13:53707001-53708001, target=TSHZ2
ENCFF853QMD:missed_target=chr2:33141001-33142001, target=TSHZ2
ENCFF853QMD:missed_target=chr5:78654001-78655001, target=TSHZ2
ENCFF853QMD:missed_target=chr6:33845001-33846001, target=TSHZ2
ENCFF853QMD:missed_target=HOXA13|chr7:27236499-27239725, target=TSHZ2
ZBTB33TSHZ1ZNF48ENCFF322OHR:missed_target=ZNF692|chr1:249144203-249153315, target=ZFP69B
ENCFF265BUM:missed_target=HOXB5|chr17:46668619-46671103, target=FOXF2
ENCFF265BUM:missed_target=EHF|chr11:34642588-34684835, target=FOXF2
ENCFF265BUM:missed_target=HOXA13|chr7:27236499-27239725, target=FOXF2
ENCFF265BUM:missed_target=HOXB13|chr17:46802125-46806111, target=FOXF2
FOXF2MSX2ENCFF164KAE:missed_target=chr17:35196001-35197001, target=CLOCK
CLOCKFEZF1ZNF215ZNF843ZNF79ZBTB10ZNF404ENCFF684UVH:missed_target=C2|chr6:31865562-31913451, target=ZBTB12
ZBTB12ENCFF811RLD:missed_target=ZBTB26|chr9:125680308-125693830, target=ZSCAN20
ENCFF055BVM:missed_target=ZNF449|chrX:134478696-134497338, target=ZNF572
ZNF558ENCFF537WRB:missed_target=KLF17|chr1:44584522-44600812, target=ZNF524
ENCFF537WRB:missed_target=ZBTB7A|chr19:4043302-4066943, target=ZNF524
ZNF524ZNF670ENCFF233WJS:missed_target=EBF4|chr20:2673524-2740754, target=FOSB
ZNF701ENCFF481UQC:missed_target=ZBTB2|chr6:151685250-151712835, target=ZEB2
ZEB2ENCFF237ACY:missed_target=MBTPS2|chrX:21857656-21903541, target=YY2
YY2KLF7ZNF76GLI4ZBTB33ZNF8SP2ENCFF707AMG:missed_target=chr6:123491001-123492001, target=ZSCAN21
ZSCAN21ATOH8PATZ1ZSCAN4ZNF837ZNF140MYNNENCFF742XIJ:missed_target=chr19:56717001-56718001, target=ZSCAN5C
ZNF266ZNF274SALL1ZNF26ENCFF790RTP:missed_target=ZSCAN9|chr6:28193029-28201265, target=ZNF493
ARID4BENCFF625ODB:missed_target=chr8:8359001-8360001, target=ZNF174
ZNF174RREB1ENCFF486JTI:missed_target=PGK1|chrX:77359666-77382324, target=ZBTB12
ENCFF249HAL:missed_target=chr11:93208001-93209001, target=ARID3B
ARID3BZNF114ENCFF679HEE:missed_target=AARS|chr16:70286297-70323412, target=ZNF133
ZNF169ENCFF937ADB:missed_target=ZNF165|chr6:28048482-28057341, target=ZNF223
ENCFF064JPG:missed_target=HOXB13|chr17:46802125-46806111, target=FOXS1
ENCFF064JPG:missed_target=EHF|chr11:34642588-34684835, target=FOXS1
ENCFF064JPG:missed_target=HOXB5|chr17:46668619-46671103, target=FOXS1
ENCFF064JPG:missed_target=HOXA13|chr7:27236499-27239725, target=FOXS1
ENCFF064JPG:missed_target=ZNF70|chr22:24083771-24093279, target=FOXS1
FOXS1ENCFF420IMD:missed_target=HOXA13|chr7:27236499-27239725, target=NR5A2
NR5A2ENCFF749ILR:missed_target=HOXA13|chr7:27236499-27239725, target=CSDC2
ENCFF749ILR:missed_target=HOXB5|chr17:46668619-46671103, target=CSDC2
ENCFF749ILR:missed_target=EHF|chr11:34642588-34684835, target=CSDC2
ENCFF749ILR:missed_target=chr1:242999001-243000001, target=CSDC2
ENCFF749ILR:missed_target=HOXB13|chr17:46802125-46806111, target=CSDC2
ENCFF749ILR:missed_target=FOXF2|chr6:1390069-1395832, target=CSDC2
CSDC2ENCFF726UNZ:missed_target=XPO1|chr2:61705069-61765418, target=ZNF449
ENCFF345HNZ:missed_target=HOXA13|chr7:27236499-27239725, target=ZNF398
ZNF398ENCFF744CEJ:missed_target=HOXB13|chr17:46802125-46806111, target=ZNF169
ENCFF744CEJ:missed_target=HOXA13|chr7:27236499-27239725, target=ZNF169
ENCFF744CEJ:missed_target=EHF|chr11:34642588-34684835, target=ZNF169
ZNF169ZNF445ZNF213ENCFF604CHB:missed_target=HOXA13|chr7:27236499-27239725, target=ZNF239
ENCFF604CHB:missed_target=chr2:33141001-33142001, target=ZNF239
ENCFF978SCH:missed_target=HOXA13|chr7:27236499-27239725, target=ZNF239
ENCFF978SCH:missed_target=PPP1R12C|chr19:55602281-55628968, target=ZNF239
ZNF239ENCFF593STX:missed_target=HOXA13|chr7:27236499-27239725, target=ZFP30
ENCFF593STX:missed_target=BNC2|chr9:16409501-16870786, target=ZFP30
ENCFF593STX:missed_target=OPALIN|chr10:98102973-98119122, target=ZFP30
ZFP30ZNF174ZNF165ENCFF723PIC:missed_target=HOXA13|chr7:27236499-27239725, target=ZNF408
ZNF408ENCFF462QOO:missed_target=HOXA13|chr7:27236499-27239725, target=GMEB1
ENCFF462QOO:missed_target=FKBP1B|chr2:24272571-24286551, target=GMEB1
GMEB1ZNF507ENCFF996GUT:missed_target=chr7:49190001-49191001, target=ZNF398
ENCFF996GUT:missed_target=HOXA13|chr7:27236499-27239725, target=ZNF398
ZNF398ENCFF585DKE:missed_target=MTF1|chr1:38275239-38325292, target=TCF15
TCF15KLF6ENCFF199ZYE:missed_target=UBE2D2|chr5:138940751-139008019, target=SHOX2
SHOX2ENCFF072VPG:missed_target=HOXA13|chr7:27236499-27239725, target=GMEB1
GMEB1ENCFF587RVO:missed_target=HOXA13|chr7:27236499-27239725, target=ZNF707
ZNF707ZNF174CXXC5ZNF707ZNF335ENCFF995DOZ:missed_target=HOXA13|chr7:27236499-27239725, target=TBX18
ENCFF995DOZ:missed_target=chr20:50648001-50649001, target=TBX18
ENCFF995DOZ:missed_target=RPLP0|chr12:120634503-120639014, target=TBX18
TBX18ENCFF513ADU:missed_target=HOXA13|chr7:27236499-27239725, target=ZNF165
ENCFF513ADU:missed_target=SPAG17|chr1:118496288-118727848, target=ZNF165
ZNF165ENCFF682WTO:missed_target=TUBGCP2-Promoter|chr10:135125841-135126841, target=ZNF511
ZNF511ENCFF275QVQ:missed_target=CSDC2|chr22:41957014-41972670, target=MTF1
ENCFF275QVQ:missed_target=DNAH1|chr3:52350335-52434513, target=MTF1
MTF1PBX1ENCFF032EJV:missed_target=HOXA13|chr7:27236499-27239725, target=ZNF707
ZNF707ZNF518AYY1ENCFF706OYX:missed_target=chr12:79894001-79895001, target=ZNF680
ENCFF369REJ:missed_target=ZNF223|chr19:44556164-44572147, target=ZNF71
ENCFF369REJ:missed_target=chr1:226968001-226969001, target=ZNF71
ZNF71ZNF444ZNF354CENCFF018TBF:missed_target=EGR2|chr10:64571756-64578927, target=IKZF2
AEBP2CEBPGATF3ZNF639ENCFF392MVW:missed_target=chr8:126469001-126470001, target=CEBPG
CEBPGZNF547POLR2HENCFF053VHO:missed_target=CSDC2|chr22:41957014-41972670, target=PPARA
PPARAZNF354BZNF397ENCFF774IKE:missed_target=CGGBP1|chr3:88101100-88199016, target=ZNF654
ZNF654ENCFF110KHM:missed_target=CCDC77|chr12:498516-551808, target=PRDM1
PRDM1PRDM10ZNF132ZBTB1ZNF776EGR2ENCFF093AOC:missed_target=chr14:29645001-29646001, target=ZSCAN16
ZSCAN16ENCFF961ATG:missed_target=chrX:112893001-112894001, target=ZNF134
ZNF134ZNF707ZNF346ENCFF696BLE:missed_target=LAMA2|chr6:129204286-129837711, target=SALL1
SALL1ZNF239BNC2ZNF692HOMEZENCFF423HTT:missed_target=HOXA13|chr7:27236499-27239725, target=ARID4B
ARID4BENCFF767NQA:missed_target=HOXA13|chr7:27236499-27239725, target=HOMEZ
HOMEZENCFF636PUJ:missed_target=HOXA13|chr7:27236499-27239725, target=TFAP2C
ENCFF636PUJ:missed_target=NR4A2|chr2:157180944-157189287, target=TFAP2C
ENCFF636PUJ:missed_target=MSC|chr8:72753777-72756731, target=TFAP2C
ENCFF636PUJ:missed_target=EHF|chr11:34642588-34684835, target=TFAP2C
NFIXPATZ1ENCFF700ORL:missed_target=ZSCAN32-Promoter|chr16:3451065-3452065, target=ZNF174
ZNF174ENCFF783BKL:missed_target=ZSCAN32-Promoter|chr16:3451065-3452065, target=ZNF174
ZNF174ENCFF337DOV:missed_target=chr17:26534001-26535001, target=CLOCK
ENCFF337DOV:missed_target=HOXA13|chr7:27236499-27239725, target=CLOCK
CLOCKENCFF379OZY:missed_target=HOXA13|chr7:27236499-27239725, target=ZNF311
ENCFF379OZY:missed_target=HOXB13|chr17:46802125-46806111, target=ZNF311
FOXF2ZNF655ENCFF427VGU:missed_target=HOXA13|chr7:27236499-27239725, target=FOXF2
ENCFF427VGU:missed_target=FOXS1|chr20:30432103-30433420, target=FOXF2
ENCFF427VGU:missed_target=EHF|chr11:34642588-34684835, target=FOXF2
ENCFF427VGU:missed_target=HOXB13|chr17:46802125-46806111, target=FOXF2
FOXF2TFAP2BHIVEP1ZNF77ZKSCAN3ZIK1ENCFF998QDV:missed_target=PTGFRN|chr1:117452545-117532980, target=SALL2
SALL2ENCFF434LJC:missed_target=ZFHX4|chr8:77593515-77779521, target=BNC2
BNC2ZNF529HEY1ENCFF916KAQ:missed_target=DLX4|chr17:48046562-48052323, target=ESRRG
SPDEFSP2ZNF423ENCFF410PMB:missed_target=SYN3|chr22:32908539-33454377, target=ZNF662
ZNF662ZNF248ZNF624ZNF426KLF7ZNF146ENCFF256EWC:missed_target=ZNF540|chr19:38042273-38105080, target=ZNF571
ZNF571HOXA7ZNF624ENCFF234XIN:missed_target=chr21:28807001-28808001, target=ZSCAN26
ZSCAN26ENCFF226BLN:missed_target=ZNF540|chr19:38042273-38105080, target=ZNF571
ZNF571ZBTB8AZBTB8AZNF195ZNF776ENCFF307UJX:missed_target=CBX1|chr17:46147414-46178883, target=NFE2L1
NFE2L1ZNF112SP7ZFP37ZNF134ZNF134ZNF214ENCFF658SXW:missed_target=chr3:165065001-165066001, target=NR5A2
ENCFF658SXW:missed_target=HOXA13|chr7:27236499-27239725, target=NR5A2
ZFP30ENCFF297NBH:missed_target=HOXA13|chr7:27236499-27239725, target=E2F3
E2F3PATZ1KLF6ENCFF086MUV:missed_target=chr1:72963001-72964001, target=ZNF165
ZNF165ZNF507ZNF239HOMEZZNF18ENCFF558LMK:missed_target=chr1:81315001-81316001, target=ZSCAN21
ZSCAN21ZNF23ZNF23ENCFF860BLA:missed_target=ZNF70|chr22:24083771-24093279, target=ZNF324
ENCFF860BLA:missed_target=SEPT14|chr7:55861237-55930482, target=ZNF324
ZNF324ENCFF462BGX:missed_target=HOXB5|chr17:46668619-46671103, target=FOXS1
ENCFF462BGX:missed_target=EHF|chr11:34642588-34684835, target=FOXS1
ENCFF984DHU:missed_target=EBF4|chr20:2673524-2740754, target=FOSB
FOSBZNF280DENCFF077JQK:missed_target=HOXB5|chr17:46668619-46671103, target=TSHZ2
ZNF394ENCFF607RXB:missed_target=ZNF277|chr7:111846643-111983989, target=ZNF740
ZNF324ENCFF853ZLC:missed_target=chrX:116741001-116742001, target=ZNF580
ZNF580ZNF610ZNF2ENCFF306MYT:missed_target=ZNF354B|chr5:178286954-178311424, target=ZNF507
ZNF518AENCFF953WVU:missed_target=IDH2|chr15:90627210-90645786, target=CEBPG
ENCFF953WVU:missed_target=chr8:65295001-65296001, target=CEBPG
ENCFF953WVU:missed_target=MYO18B|chr22:26138111-26427007, target=CEBPG
CEBPGZNF507ZNF34ZNF621ZNF621BCL6BZNF37AKLF10ZNF184ENCFF199DAD:missed_target=GBA2-Cterm|chr9:35735859-35736859, target=CREB3
ENCFF199DAD:missed_target=AK6|chr5:68647553-68665840, target=CREB3
CREB3ENCFF994DFN:missed_target=ELK1|chrX:47494919-47510003, target=KLF1
ENCFF994DFN:missed_target=ELK1|chrX:47494919-47510003, target=KLF1
KLF1ENCFF942FDD:missed_target=ELK1|chrX:47494919-47510003, target=KLF1
ENCFF942FDD:missed_target=chrX:47535001-47536001, target=KLF1
ENCFF942FDD:missed_target=ELK1|chrX:47494919-47510003, target=KLF1
KLF1TAF7PTTG1DDX20ENCFF698OMK:missed_target=TMLHE|chrX:154718672-154842622, target=ATF1
ATF1ENCFF823MCH:missed_target=TAF10-Cterm|chr11:6631048-6632048, target=ILK
ILKMAFGENCFF333MEA:missed_target=FOXF2|chr6:1390069-1395832, target=ZNF596
ENCFF333MEA:missed_target=FARP1|chr13:98794816-99102027, target=ZNF596
ENCFF333MEA:missed_target=ZNF212|chr7:148936742-148952700, target=ZNF596
DIDO1ENCFF683HBT:missed_target=chr2:229707001-229708001, target=BCL6B
BCL6BENCFF542CMJ:missed_target=NR4A1|chr12:52416616-52453291, target=ID3
ENCFF542CMJ:missed_target=chr12:52455001-52456001, target=ID3
ENCFF542CMJ:missed_target=chr2:33141001-33142001, target=ID3
ENCFF542CMJ:missed_target=chr7:125480001-125481001, target=ID3
ENCFF542CMJ:missed_target=chr12:52332001-52333001, target=ID3
ENCFF542CMJ:missed_target=NR4A1-Promoter|chr12:52415616-52416616, target=ID3
ENCFF717YHU:missed_target=CD37-Cterm|chr19:49843863-49844863, target=TEAD2
TEAD2ENCFF493AAY:missed_target=KLF1|chr19:12995236-12998017, target=HDAC8
ENCFF493AAY:missed_target=chr10:132340001-132341001, target=HDAC8
HDAC8ENCFF268FKS:missed_target=MBTPS2|chrX:21857656-21903541, target=YY2
YY2ENCFF569UHH:missed_target=KLF13|chr15:31619058-31727868, target=ZNF843
ZNF843ENCFF381EMJ:missed_target=HAND2|chr4:174447652-174451378, target=ZNF800
ZNF692MYNNENCFF755CGW:missed_target=ZKSCAN8|chr6:28109688-28127250, target=ZNF792
ZNF658SP3ZNF202ZNF704ENCFF620OZQ:missed_target=TAS1R1-Cterm|chr1:6639817-6640817, target=ZBTB48
ZBTB48ZNF433ZNF747ENCFF962YIK:missed_target=EGR2|chr10:64571756-64578927, target=ZFHX2
ENCFF962YIK:missed_target=YY2|chrX:21874105-21876845, target=ZFHX2
ENCFF962YIK:missed_target=MBTPS2|chrX:21857656-21903541, target=ZFHX2
ZNF791ZNF514ZNF548ZNF530ZNF707ZBTB1ZNF645ENCFF365YXG:missed_target=TAS1R1-Cterm|chr1:6639817-6640817, target=ZBTB48
ENCFF365YXG:missed_target=chr19:41374001-41375001, target=ZBTB48
ZBTB48ENCFF497JNW:missed_target=HIST1H1E|chr6:26156559-26157343, target=ATF3
ENCFF497JNW:missed_target=chr1:212661001-212662001, target=ATF3
ATF3ENCFF554XIX:missed_target=ZNF277|chr7:111846643-111983989, target=ZNF740
ZNF664|ZNF664-RFLNAZNF639ENCFF549SRV:missed_target=CGGBP1|chr3:88101100-88199016, target=ZNF654
ZNF654ZNF514ENCFF458QHC:missed_target=NPM2|chr8:21881621-21894408, target=ZNF32
KLF14ZNF280CATF2PRDM10ENCFF642NHF:missed_target=chr10:37353001-37354001, target=PRDM12
ENCFF095AFX:missed_target=ZBTB14|chr18:5289018-5297052, target=ZBTB26
ENCFF095AFX:missed_target=RGS9BP-Promoter|chr19:33165313-33166313, target=ZBTB26
ENCFF095AFX:missed_target=ANKRD27|chr19:33087907-33166102, target=ZBTB26
ZNF26ZBTB1GLIS1ZNF211ZNF23ZSCAN5AZNF280DZNF423ZXDBZNF155ENCFF112XWZ:missed_target=SCHIP1|chr3:158991036-159615155, target=INSM2
KLF9RESTZFP41ZNF211ZNF157ZSCAN16ZNF791ZNF704ZIC2ENCFF960ZID:missed_target=chr17:45872001-45873001, target=NR2C1
NR2C1ZNF433NR2C1MEF2DETS2GTF2A2ENCFF703DNA:missed_target=chr16:89077001-89078001, target=MEF2D
ENCFF703DNA:missed_target=PAPSS2|chr10:89419476-89507462, target=MEF2D
MEF2DSP2ENCFF147LKM:missed_target=TSHZ2|chr20:51588946-52111869, target=TSHZ1
RESTENCFF123LEB:missed_target=chr5:41958001-41959001, target=ZNF512
ENCFF123LEB:missed_target=chr21:47512001-47513001, target=ZNF512
ENCFF123LEB:missed_target=NR1D2|chr3:23986751-24022109, target=ZNF512
ZNF512GLIS2KLF16ENCFF204KOO:missed_target=ZFP64|chr20:50700550-50808524, target=ZBTB20
ENCFF234GIA:missed_target=EEF1A1|chr6:74225473-74230755, target=SP7
SP7ENCFF572AYV:missed_target=chr2:33141001-33142001, target=ZNF366
ZNF366ZNF19ENCFF512LPA:missed_target=ZNF526|chr19:42724423-42731205, target=ZFP37
ZFP37ENCFF849AAG:missed_target=ZNF675|chr19:23835708-23870017, target=ZNF585B
ENCFF658VPO:missed_target=ZNF675|chr19:23835708-23870017, target=ZNF585B
ENCFF406XFM:missed_target=ZNF277|chr7:111846643-111983989, target=ZNF740
ENCFF406XFM:missed_target=chr18:68674001-68675001, target=ZNF740
ENCFF406XFM:missed_target=GTF2A2|chr15:59930261-59949740, target=ZNF740
ENCFF406XFM:missed_target=VAPA|chr18:9913955-9960018, target=ZNF740
ENCFF406XFM:missed_target=GREM2|chr1:240652873-240775462, target=ZNF740
REPIN1PRDM12ZNF416ENCFF259UGP:missed_target=NR4A2|chr2:157180944-157189287, target=BNC2
BNC2ENCFF649AAY:missed_target=HOXA13|chr7:27236499-27239725, target=ZNF215
ZNF215ZNF785ENCFF004RTV:missed_target=HOXA13|chr7:27236499-27239725, target=ZKSCAN3
ZKSCAN3SPDEFENCFF557OYZ:missed_target=HOXA13|chr7:27236499-27239725, target=ZNF583
ENCFF557OYZ:missed_target=chr10:26126001-26127001, target=ZNF583
ENCFF557OYZ:missed_target=SETD5|chr3:9439384-9519838, target=ZNF583
ENCFF557OYZ:missed_target=RNF150|chr4:141786725-142054616, target=ZNF583
ZNF583ENCFF770TBR:missed_target=HOXA13|chr7:27236499-27239725, target=ZNF311
ZNF76ENCFF127FLC:missed_target=HOXA13|chr7:27236499-27239725, target=ZNF785
ZNF785ENCFF818RGZ:missed_target=FAM110A|chr20:814340-826922, target=ZNF76
ENCFF818RGZ:missed_target=HOXA13|chr7:27236499-27239725, target=ZNF76
ENCFF818RGZ:missed_target=HOMEZ|chr14:23742844-23755309, target=ZNF76
ZNF76ENCFF640EMC:missed_target=C16orf74|chr16:85741123-85784689, target=HEY1
HEY1ENCFF166HVR:missed_target=HBB|chr11:5246696-5248301, target=PATZ1
ENCFF166HVR:missed_target=EEF1A1|chr6:74225473-74230755, target=PATZ1
PATZ1KDM2BENCFF780RPQ:missed_target=HOXA13|chr7:27236499-27239725, target=ZNF583
ENCFF780RPQ:missed_target=TMEM246|chr9:104235440-104249503, target=ZNF583
ENCFF780RPQ:missed_target=RREB1|chr6:7107830-7252213, target=ZNF583
ZNF583ZNF324ZNF624ENCFF583VLJ:missed_target=HOXB13|chr17:46802125-46806111, target=RREB1
ENCFF583VLJ:missed_target=HOXA13|chr7:27236499-27239725, target=RREB1
RREB1KLF1GFI1BZNF512ENCFF096LLU:missed_target=ADGRL4|chr1:79355449-79472495, target=POLR2H
POLR2HZSCAN23ENCFF307WIE:missed_target=EGR2|chr10:64571756-64578927, target=IKZF2
ENCFF307WIE:missed_target=S100PBP-Promoter|chr1:33282043-33283043, target=IKZF2
ENCFF307WIE:missed_target=chr1:169027001-169028001, target=IKZF2
ENCFF307WIE:missed_target=YARS|chr1:33240840-33283633, target=IKZF2
ENCFF726QBO:missed_target=ZKSCAN8|chr6:28109688-28127250, target=ZNF792
ZNF623BCL11BZNF558ENCFF271YPD:missed_target=MRPL50-Promoter|chr9:104160919-104161919, target=ZNF189
ZNF189PBX2ENCFF741TKM:missed_target=chr2:33141001-33142001, target=SP7
ENCFF741TKM:missed_target=chr5:109561001-109562001, target=SP7
SP7ZNF335ENCFF099FNA:missed_target=chr20:52240001-52241001, target=ZSCAN30
ENCFF099FNA:missed_target=HOXA13|chr7:27236499-27239725, target=ZSCAN30
ENCFF099FNA:missed_target=CDYL2|chr16:80631796-80838175, target=ZSCAN30
ENCFF380UAO:missed_target=ZNF281|chr1:200374075-200379186, target=DMBX1
DMBX1ENCFF293WAK:missed_target=HOXA13|chr7:27236499-27239725, target=NR5A2
ENCFF293WAK:missed_target=HOXB13|chr17:46802125-46806111, target=NR5A2
ENCFF293WAK:missed_target=VSTM2B|chr19:30017491-30055226, target=NR5A2
ENCFF293WAK:missed_target=BNC2|chr9:16409501-16870786, target=NR5A2
NR5A2TCF15ENCFF226HES:missed_target=TBX19|chr1:168250278-168283664, target=HOXB13
HOXB13ENCFF872XMM:missed_target=chr13:43086001-43087001, target=SATB1
ENCFF872XMM:missed_target=HOXB13|chr17:46802125-46806111, target=SATB1
SATB1ENCFF423VHT:missed_target=HOXB5|chr17:46668619-46671103, target=TSHZ2
ENCFF423VHT:missed_target=HOXB13|chr17:46802125-46806111, target=TSHZ2
ENCFF423VHT:missed_target=EHF|chr11:34642588-34684835, target=TSHZ2
ENCFF423VHT:missed_target=HOXA13|chr7:27236499-27239725, target=TSHZ2
ENCFF423VHT:missed_target=FOXS1|chr20:30432103-30433420, target=TSHZ2
ENCFF423VHT:missed_target=FOXF2|chr6:1390069-1395832, target=TSHZ2
ENCFF423VHT:missed_target=BNC2|chr9:16409501-16870786, target=TSHZ2
ENCFF423VHT:missed_target=chr3:29195001-29196001, target=TSHZ2
ENCFF423VHT:missed_target=chr2:36428001-36429001, target=TSHZ2
IFI16ENCFF864BVL:missed_target=IKZF1|chr7:50343679-50472799, target=ZNF331
ENCFF945OTH:missed_target=EHF|chr11:34642588-34684835, target=HOXB5
HOXB5DLX4ENCFF616YBL:missed_target=HOXA13|chr7:27236499-27239725, target=HOXB5
ENCFF616YBL:missed_target=FOXS1|chr20:30432103-30433420, target=HOXB5
ENCFF616YBL:missed_target=chr10:83386001-83387001, target=HOXB5
ENCFF616YBL:missed_target=chr8:58324001-58325001, target=HOXB5
ENCFF616YBL:missed_target=HOXB13|chr17:46802125-46806111, target=HOXB5
ENCFF616YBL:missed_target=FOXF2|chr6:1390069-1395832, target=HOXB5
HOXB5KLF10ENCFF197BIG:missed_target=chr9:35149001-35150001, target=ZNF626
ENCFF197BIG:missed_target=HOXB13|chr17:46802125-46806111, target=ZNF626
PRDM1CTCFZNF133ENCFF569SLS:missed_target=ZNF165|chr6:28048482-28057341, target=ZNF223
ZNF23ENCFF131OXT:missed_target=GLT1D1|chr12:129337979-129469509, target=ZNF175
ENCFF574OQO:missed_target=EGR2|chr10:64571756-64578927, target=ZFHX2
ENCFF033ZFD:missed_target=ZFP64|chr20:50700550-50808524, target=ZBTB20
ENCFF859HOC:missed_target=GTDC1|chr2:144703581-145090101, target=ZNF416
ZNF416ZNF24ENCFF655ROQ:missed_target=chr18:49054001-49055001, target=PRDM2
PRDM2ZEB2ENCFF701LQT:missed_target=ZBTB21|chr21:43406940-43430496, target=ZNF629
ZNF16ZNF292ZNF24ENCFF784CYN:missed_target=RAB4B|chr19:41284124-41302849, target=OSR2
ZNF610ZNF501ZNF781ZNF79ENCFF851NCD:missed_target=ZFP42|chr4:188916925-188926204, target=MSX2
MSX2ZNF510MSX2ENCFF158DFY:missed_target=METTL21A|chr2:208445355-208490777, target=ZBTB12
ENCFF158DFY:missed_target=C2|chr6:31865562-31913451, target=ZBTB12
ENCFF158DFY:missed_target=CREB1|chr2:208394616-208470713, target=ZBTB12
ENCFF158DFY:missed_target=SORCS3|chr10:106400859-107025000, target=ZBTB12
ZBTB12ENCFF461XQK:missed_target=RAD21|chr8:117858173-117887105, target=ZNF444
ZNF444ZNF319ZKSCAN3ZNF79ENCFF727NSS:missed_target=HOXA13|chr7:27236499-27239725, target=ZFP3
ENCFF727NSS:missed_target=chr8:115748001-115749001, target=ZFP3
ENCFF727NSS:missed_target=EHF|chr11:34642588-34684835, target=ZFP3
ENCFF632RYD:missed_target=chr1:10245001-10246001, target=ZNF677
ENCFF632RYD:missed_target=HOXA13|chr7:27236499-27239725, target=ZNF677
ZNF677TSHZ1PRDM4HIVEP1ZBTB21ENCFF550XER:missed_target=HOXB13|chr17:46802125-46806111, target=SNAI2
ENCFF550XER:missed_target=HOXA13|chr7:27236499-27239725, target=SNAI2
ENCFF550XER:missed_target=FOXS1|chr20:30432103-30433420, target=SNAI2
ENCFF550XER:missed_target=FOXF2|chr6:1390069-1395832, target=SNAI2
ENCFF550XER:missed_target=EHF|chr11:34642588-34684835, target=SNAI2
SNAI2ZBTB21ENCFF192UKU:missed_target=CSDC2|chr22:41957014-41972670, target=PPARA
ENCFF192UKU:missed_target=ZNF354B|chr5:178286954-178311424, target=PPARA
REPIN1ZNF397ZNF404ENCFF243REJ:missed_target=chr1:31981001-31982001, target=ZNF677
ENCFF243REJ:missed_target=chr10:29364001-29365001, target=ZNF677
ZNF677FOSBENCFF555XUI:missed_target=USPL1|chr13:31191816-31234907, target=ZNF785
ZNF785ZBTB10ENCFF481UOI:missed_target=FBXO11|chr2:48034059-48132932, target=ESRRG
ZNF274IKZF3ENCFF621NBR:missed_target=chr2:33141001-33142001, target=NR2C1
NR2C1ZNF41MTF1ZNF77ZNF398BCL6ZNF41ENCFF026VLB:missed_target=HOXA13|chr7:27236499-27239725, target=ZNF408
ZNF408MTF1ENCFF518ZBE:missed_target=HOXA13|chr7:27236499-27239725, target=IFI16
ENCFF518ZBE:missed_target=ZNF114|chr19:48773356-48790865, target=IFI16
ENCFF518ZBE:missed_target=chr5:121276001-121277001, target=IFI16
IFI16ZNF624TSHZ1ENCFF091GDP:missed_target=ZNF764|chr16:30565085-30569642, target=ZNF445
ZNF445ENCFF457TZH:missed_target=HOXA13|chr7:27236499-27239725, target=ARID4B
ENCFF457TZH:missed_target=HOXB13|chr17:46802125-46806111, target=ARID4B
ARID4BENCFF348AZF:missed_target=ZNF174|chr16:3451190-3459364, target=ZNF211
ZNF211NR4A1ENCFF014MYU:missed_target=ESRRG|chr1:216676588-217311097, target=KLF10
ENCFF270FOL:missed_target=XPNPEP3-Promoter|chr22:41252085-41253085, target=ZNF169
ENCFF270FOL:missed_target=ST13|chr22:41220539-41253012, target=ZNF169
ZNF169PRDM1ENCFF561EJF:missed_target=chr17:43586001-43587001, target=RREB1
ENCFF561EJF:missed_target=SV2B|chr15:91642818-91845795, target=RREB1
RREB1ENCFF498GFI:missed_target=ZNF507|chr19:32836514-32878573, target=PPARD
PPARDZNF211HOXA7ENCFF640SSC:missed_target=HOXB13|chr17:46802125-46806111, target=ZFP3
ENCFF640SSC:missed_target=HOXA13|chr7:27236499-27239725, target=ZFP3
PRDM1ENCFF541MER:missed_target=MSC|chr8:72753777-72756731, target=TFAP2C
ENCFF541MER:missed_target=HOXA13|chr7:27236499-27239725, target=TFAP2C
ENCFF500AUA:missed_target=PLPP1|chr5:54720670-54830906, target=ZNF319
ZNF319ENCFF290HOJ:missed_target=ZNF79|chr9:130186653-130207651, target=NFIX
NFIXSPDEFGLIS3ENCFF968BDS:missed_target=NTSR2|chr2:11798304-11810329, target=NR4A1
ENCFF968BDS:missed_target=chr7:124731001-124732001, target=NR4A1
ENCFF968BDS:missed_target=RPL6|chr12:112842985-112856647, target=NR4A1
NR4A1ZNF449ENCFF482MKB:missed_target=HOXB5|chr17:46668619-46671103, target=EHF
ENCFF482MKB:missed_target=HOXA13|chr7:27236499-27239725, target=EHF
ENCFF482MKB:missed_target=FOXF2|chr6:1390069-1395832, target=EHF
ENCFF482MKB:missed_target=HOXB13|chr17:46802125-46806111, target=EHF
EHFENCFF661AFU:missed_target=chr2:221241001-221242001, target=ZFP30
ENCFF661AFU:missed_target=chr17:57381001-57382001, target=ZFP30
ENCFF661AFU:missed_target=HOXA13|chr7:27236499-27239725, target=ZFP30
ENCFF661AFU:missed_target=ZNF70|chr22:24083771-24093279, target=ZFP30
ZFP30ENCFF406ERZ:missed_target=HOXA13|chr7:27236499-27239725, target=IFI16
ENCFF406ERZ:missed_target=FOXF2|chr6:1390069-1395832, target=IFI16
ENCFF406ERZ:missed_target=BNC2|chr9:16409501-16870786, target=IFI16
ENCFF552EFI:missed_target=chr12:128707001-128708001, target=ZNF114
ENCFF552EFI:missed_target=TBX19|chr1:168250278-168283664, target=ZNF114
ZNF114ENCFF091NPX:missed_target=chr11:76434001-76435001, target=ARID3B
ENCFF155PWJ:missed_target=chr7:114857001-114858001, target=SHOX2
ENCFF155PWJ:missed_target=STAG2|chrX:123094410-123236506, target=SHOX2
SHOX2ENCFF181HSQ:missed_target=KDM2B|chr12:121866899-122018920, target=ESRRB
ESRRBTBX18SHOX2ZNF76ENCFF595NPF:missed_target=HOXA13|chr7:27236499-27239725, target=E2F3
ENCFF595NPF:missed_target=HOXA13|chr7:27236499-27239725, target=E2F3
E2F3BCL6BCL6ZNF408ENCFF657OOT:missed_target=HOXA13|chr7:27236499-27239725, target=HOXB5
ENCFF657OOT:missed_target=chr8:71468001-71469001, target=HOXB5
ENCFF657OOT:missed_target=chr1:69056001-69057001, target=HOXB5
ENCFF657OOT:missed_target=chr3:50544001-50545001, target=HOXB5
ENCFF657OOT:missed_target=SLC11A2|chr12:51373566-51422058, target=HOXB5
HOXB5TSHZ1ZNF281ENCFF439GSQ:missed_target=ZNF507|chr19:32836514-32878573, target=PPARD
PPARDZNF530HIVEP1ZNF747ZNF785PPARAENCFF728AOV:missed_target=chr12:43218001-43219001, target=ZNF645
ENCFF728AOV:missed_target=chr1:205614001-205615001, target=ZNF645
ENCFF728AOV:missed_target=UMODL1|chr21:43483068-43563105, target=ZNF645
ZNF645ZNF157ZNF221ZNF624ZNF169ZNF548ZNF362ENCFF558YFM:missed_target=ZBTB14|chr18:5289018-5297052, target=ZNF438
MAZZNF366ZNF121ZNF121ZNF770ZNF658ENCFF962THE:missed_target=chr5:38166001-38167001, target=ZSCAN18
ZSCAN18ZNF19ZNF426ZSCAN18ZNF155ZNF133ZIC2ENCFF528HWW:missed_target=HOXA13|chr7:27236499-27239725, target=CSDC2
ENCFF528HWW:missed_target=EHF|chr11:34642588-34684835, target=CSDC2
ENCFF528HWW:missed_target=HOXB5|chr17:46668619-46671103, target=CSDC2
ENCFF528HWW:missed_target=HOXB13|chr17:46802125-46806111, target=CSDC2
ENCFF528HWW:missed_target=FOXS1|chr20:30432103-30433420, target=CSDC2
ENCFF528HWW:missed_target=FOXF2|chr6:1390069-1395832, target=CSDC2
ENCFF528HWW:missed_target=chr14:98638001-98639001, target=CSDC2
ENCFF528HWW:missed_target=ZNF70|chr22:24083771-24093279, target=CSDC2
ENCFF528HWW:missed_target=BNC2|chr9:16409501-16870786, target=CSDC2
ENCFF528HWW:missed_target=chr1:104801001-104802001, target=CSDC2
ENCFF528HWW:missed_target=chr3:138559001-138560001, target=CSDC2
ENCFF528HWW:missed_target=chr4:114734001-114735001, target=CSDC2
ENCFF083YXD:missed_target=HOXA13|chr7:27236499-27239725, target=SNAI2
ENCFF083YXD:missed_target=HOXB5|chr17:46668619-46671103, target=SNAI2
ENCFF083YXD:missed_target=HOXB13|chr17:46802125-46806111, target=SNAI2
ENCFF083YXD:missed_target=PGK1|chrX:77359666-77382324, target=SNAI2
ENCFF083YXD:missed_target=FOXS1|chr20:30432103-30433420, target=SNAI2
ENCFF083YXD:missed_target=FOXF2|chr6:1390069-1395832, target=SNAI2
ENCFF083YXD:missed_target=EHF|chr11:34642588-34684835, target=SNAI2
ZNF524ENCFF647UJY:missed_target=AGPAT4|chr6:161551057-161695107, target=SNAI2
SNAI2ZNF133ENCFF344MAD:missed_target=HOXB13|chr17:46802125-46806111, target=ZNF169
ZNF169ZNF462ZNF764ENCFF643PJM:missed_target=ZNF268|chr12:133757995-133783698, target=ZNF264
ATF2ZNF165ENCFF916WNU:missed_target=IRGM|chr5:150226085-150281964, target=ZNF300
ZNF300ENCFF213XIX:missed_target=IRGM|chr5:150226085-150281964, target=ZNF300
ZNF300ZNF521ZNF148ENCFF857UFP:missed_target=chr2:33141001-33142001, target=ZNF662
ZNF662ENCFF192LSU:missed_target=ZNF134|chr19:58125587-58136085, target=ZNF10
ZNF112ZNF280CZNF350ENCFF233DTH:missed_target=ZNF134|chr19:58125587-58136085, target=ZNF10
ZSCAN26ZNF18ZSCAN5AENCFF612YLD:missed_target=ZBTB2|chr6:151685250-151712835, target=ZEB2
ZEB2SP7ZNF473RBAK|RBAK-RBAKDNZNF423ZNF132ZSCAN4ZNF148ZNF311SALL2ZNF350ZNF34ENCFF126ZYT:missed_target=chr7:118941001-118942001, target=ZNF473
ZNF473ZNF311ZIK1ENCFF376ORK:missed_target=HOXA13|chr7:27236499-27239725, target=ZNF830
ZNF626ENCFF182GEK:missed_target=QSOX1|chr1:180123968-180167169, target=ZNF830
ZNF491ARNTLENCFF477WJX:missed_target=NR2F6|chr19:17342694-17356151, target=ZBTB17
ZBTB17|ZBTB17-CtermTEAD1ENCFF647FLX:missed_target=ZNF70|chr22:24083771-24093279, target=ZNF214
ZNF214ZNF544ZSCAN4ENCFF076DJF:missed_target=chr4:26113001-26114001, target=ZNF248
ZNF248ZNF398FOXA3ENCFF521LDT:missed_target=ZBTB4|chr17:7362685-7387568, target=PRDM15
PRDM15ZBTB17ZNF695RAD21ENCFF810WZH:missed_target=TRIM41-Promoter|chr5:180649263-180650263, target=TFCP2
ENCFF810WZH:missed_target=ZNF70|chr22:24083771-24093279, target=TFCP2
TFE3MAZZBTB5ENCFF877FLE:missed_target=chr2:33141001-33142001, target=ZNF75A
ZNF75AZSCAN18ENCFF254CYD:missed_target=ATF4|chr22:39916564-39918691, target=REST
RESTENCFF844VSS:missed_target=PSMC3IP-Cterm|chr17:40723328-40724328, target=MLX
MLXZNF529ENCFF262XBU:missed_target=SNAI2|chr8:49830236-49833999, target=KLF13
KLF13ZNF114ENCFF475LRH:missed_target=COG5-Cterm|chr7:106841189-106842189, target=SRF
ENCFF475LRH:missed_target=HBP1|chr7:106809406-106842974, target=SRF
SRFZNF227ZNF84ENCFF905YHU:missed_target=chr2:33141001-33142001, target=PATZ1
ENCFF905YHU:missed_target=CRB1|chr1:197170592-197447585, target=PATZ1
PATZ1ZNF84CAMTA2ENCFF973LJD:missed_target=COL9A3-Cterm|chr20:61472511-61473511, target=TCFL5
TCFL5ENCFF788VOQ:missed_target=SNAI2|chr8:49830236-49833999, target=ZNF184
ZNF184KLF14ENCFF690JJH:missed_target=HOXA13|chr7:27236499-27239725, target=ZBTB11
ENCFF690JJH:missed_target=CCDC113|chr16:58283840-58317740, target=ZBTB11
ZBTB11ENCFF441TFK:missed_target=chr5:54153001-54154001, target=ZNF561
ENCFF441TFK:missed_target=ZNF70|chr22:24083771-24093279, target=ZNF561
ENCFF441TFK:missed_target=LSM14B|chr20:60697517-60710434, target=ZNF561
ZFPM2ZNF114NR2F6KLF10CREB5MAZZBTB5ENCFF612CZJ:missed_target=LHX2|chr9:126773889-126795442, target=ZBTB17
ZBTB17ENCFF251JZW:missed_target=ZNF354C|chr5:178487416-178510978, target=NR2F6
ENCFF251JZW:missed_target=ZNF565|chr19:36672962-36705986, target=NR2F6
ZNF70ZNF253MAZENCFF481FOV:missed_target=TFRC|chr3:195776155-195809032, target=ZNF250
ENCFF481FOV:missed_target=CLCN1|chr7:143013219-143049097, target=ZNF250
ENCFF305DQQ:missed_target=NEU1-Promoter|chr6:31830709-31831709, target=ZNF778
ENCFF305DQQ:missed_target=RPL13|chr16:89627065-89633237, target=ZNF778
ENCFF305DQQ:missed_target=SLC44A4|chr6:31830969-31846823, target=ZNF778
ZNF778SOX13ENCFF695DZB:missed_target=PPM1G-Cterm|chr2:27603066-27604066, target=ZNF513
ZNF513ENCFF074LAP:missed_target=chr18:62043001-62044001, target=IKZF3
IKZF3TFCP2OVOL1ZNF660JUNBENCFF981AUN:missed_target=chr5:54153001-54154001, target=ZNF561
ZNF561ENCFF050OAR:missed_target=ZNF212|chr7:148936742-148952700, target=ZNF596
