ENCFF671VDI:missed_target=ID3|chr1:23884421-23886285, target=NR4A1
ENCFF671VDI:missed_target=ID3|chr1:23884421-23886285, target=NR4A1
ENCFF671VDI:missed_target=chr1:23897001-23898001, target=NR4A1
ENCFF671VDI:missed_target=chr3:11119001-11120001, target=NR4A1
ENCFF671VDI:missed_target=chr2:154078001-154079001, target=NR4A1
ENCFF671VDI:missed_target=chr9:118830001-118831001, target=NR4A1
ID3|ID3|chr1:23897001-23898001|chr3:11119001-11120001|chr2:154078001-154079001|chr9:118830001-118831001ENCFF519FTA:missed_target=chr4:41218001-41219001, target=KLF13
KLF13|KLF13|chr4:41218001-41219001ENCFF345KIN:missed_target=chr8:73422001-73423001, target=MAFG
ENCFF345KIN:missed_target=chr7:130439001-130440001, target=MAFG
ENCFF345KIN:missed_target=NOTUM|chr17:79910383-79919057, target=MAFG
ENCFF345KIN:missed_target=POLR1E|chr9:37485932-37503694, target=MAFG
MAFG|MAFG|chr8:73422001-73423001|chr7:130439001-130440001|NOTUM|POLR1EENCFF548RTA:missed_target=NR4A1|chr12:52416616-52453291, target=ID3
ENCFF548RTA:missed_target=NR4A1|chr12:52416616-52453291, target=ID3
ENCFF548RTA:missed_target=chr12:52455001-52456001, target=ID3
ENCFF548RTA:missed_target=NR4A1|chr12:52416616-52453291, target=ID3
ENCFF548RTA:missed_target=NR4A1-Promoter|chr12:52415616-52416616, target=ID3
ENCFF548RTA:missed_target=chr12:52396001-52397001, target=ID3
ENCFF548RTA:missed_target=chr21:18284001-18285001, target=ID3
ENCFF548RTA:missed_target=chr13:51478001-51479001, target=ID3
ENCFF548RTA:missed_target=chr12:52458001-52459001, target=ID3
ENCFF548RTA:missed_target=DOK2-Cterm|chr8:21765384-21766384, target=ID3
ENCFF548RTA:missed_target=chr16:73559001-73560001, target=ID3
ENCFF548RTA:missed_target=chr13:45416001-45417001, target=ID3
ENCFF548RTA:missed_target=chr2:107177001-107178001, target=ID3
ENCFF548RTA:missed_target=chr3:171755001-171756001, target=ID3
NR4A1|NR4A1|chr12:52455001-52456001|NR4A1|NR4A1-Promoter|chr12:52396001-52397001|chr21:18284001-18285001|chr13:51478001-51479001|chr12:52458001-52459001|DOK2-Cterm|chr16:73559001-73560001|chr13:45416001-45417001|chr2:107177001-107178001|chr3:171755001-171756001ENCFF977AJQ:missed_target=chr18:32879001-32880001, target=ZNF24
ZNF24|ZNF24|chr18:32879001-32880001ZNF24|ZNF24ENCFF474LQU:missed_target=chr17:40682001-40683001, target=PTRF
ENCFF474LQU:missed_target=chrX:128796001-128797001, target=PTRF
ENCFF474LQU:missed_target=chr2:33141001-33142001, target=PTRF
PTRF|PTRF|chr17:40682001-40683001|chrX:128796001-128797001|chr2:33141001-33142001NFE2L1|NFE2L1PYGO2|PYGO2DDX20|DDX20ENCFF908PTR:missed_target=TAF10-Cterm|chr11:6631048-6632048, target=ILK
ENCFF908PTR:missed_target=TAF10-Cterm|chr11:6631048-6632048, target=ILK
TAF10-Cterm|ILK|TAF10-Cterm|ILKENCFF156EZY:missed_target=chr20:48778001-48779001, target=CEBPB
ENCFF156EZY:missed_target=chr20:48828001-48829001, target=CEBPB
ENCFF156EZY:missed_target=chr20:48684001-48685001, target=CEBPB
CEBPB|CEBPB|chr20:48778001-48779001|chr20:48828001-48829001|chr20:48684001-48685001ENCFF493SOQ:missed_target=ZNF446|chr19:58987531-59000900, target=TSC22D4
ENCFF493SOQ:missed_target=ZNF446|chr19:58987531-59000900, target=TSC22D4
ENCFF493SOQ:missed_target=ZNF8|chr19:58790318-58807254, target=TSC22D4
ZNF446|ZNF446|ZNF8ENCFF236YCR:missed_target=ID3|chr1:23884421-23886285, target=NR4A1
ENCFF236YCR:missed_target=ID3|chr1:23884421-23886285, target=NR4A1
ENCFF236YCR:missed_target=chr1:23897001-23898001, target=NR4A1
ENCFF236YCR:missed_target=chr5:101344001-101345001, target=NR4A1
ID3|ID3|chr1:23897001-23898001|chr5:101344001-101345001ENCFF697PWI:missed_target=chr10:31381001-31382001, target=KLF13
ENCFF697PWI:missed_target=chrX:94334001-94335001, target=KLF13
ENCFF697PWI:missed_target=HDAC11|chr3:13521665-13547924, target=KLF13
KLF13|KLF13|chr10:31381001-31382001|chrX:94334001-94335001|HDAC11PTTG1-Cterm|PTTG1RELA|RELAENCFF217VQE:missed_target=ZNF512|chr2:27805836-27846082, target=HINFP
HINFP|HINFP|ZNF512IRF1|IRF1ENCFF470OUZ:missed_target=chr6:34183001-34184001, target=CEBPB
ENCFF470OUZ:missed_target=chr20:48772001-48773001, target=CEBPB
ENCFF470OUZ:missed_target=chr20:48658001-48659001, target=CEBPB
ENCFF470OUZ:missed_target=chr20:48685001-48686001, target=CEBPB
CEBPB|CEBPB|chr6:34183001-34184001|chr20:48772001-48773001|chr20:48658001-48659001|chr20:48685001-48686001ENCFF099UOS:missed_target=chr5:140686001-140687001, target=TAF7
ENCFF099UOS:missed_target=chr1:205722001-205723001, target=TAF7
ENCFF099UOS:missed_target=chr2:28711001-28712001, target=TAF7
ENCFF099UOS:missed_target=chr15:92181001-92182001, target=TAF7
ENCFF099UOS:missed_target=HIST1H1C-Cterm|chr6:26054968-26055968, target=TAF7
ENCFF099UOS:missed_target=SBF1|chr22:50883429-50913500, target=TAF7
ENCFF099UOS:missed_target=XKR3|chr22:17264302-17302589, target=TAF7
TAF7|TAF7|chr5:140686001-140687001|chr1:205722001-205723001|chr2:28711001-28712001|chr15:92181001-92182001|HIST1H1C-Cterm|SBF1|XKR3ENCFF622ATI:missed_target=NR4A1|chr12:52416616-52453291, target=ID3
ENCFF622ATI:missed_target=NR4A1|chr12:52416616-52453291, target=ID3
ENCFF622ATI:missed_target=chr12:52455001-52456001, target=ID3
ENCFF622ATI:missed_target=chr12:11689001-11690001, target=ID3
ENCFF622ATI:missed_target=NR4A1|chr12:52416616-52453291, target=ID3
ENCFF622ATI:missed_target=chr10:26164001-26165001, target=ID3
NR4A1|NR4A1|chr12:52455001-52456001|chr12:11689001-11690001|NR4A1|chr10:26164001-26165001IRF1|IRF1ENCFF168MST:missed_target=chr6:9912001-9913001, target=CEBPB
ENCFF168MST:missed_target=DNA2|chr10:70173821-70231878, target=CEBPB
CEBPB|CEBPB|chr6:9912001-9913001|DNA2DIDO1|DIDO1ENCFF551WWR:missed_target=ZNF512|chr2:27805836-27846082, target=HINFP
ENCFF551WWR:missed_target=ZNF512|chr2:27805836-27846082, target=HINFP
ZNF512|HINFP|HINFP|ZNF512ENCFF150HAD:missed_target=ETV1|chr7:13930854-14031050, target=PYGO2
PYGO2|PYGO2|ETV1PTRF|PTRFENCFF047NSE:missed_target=chr2:191887001-191888001, target=HDAC8
ENCFF047NSE:missed_target=NR4A1|chr12:52416616-52453291, target=HDAC8
HDAC8|HDAC8|chr2:191887001-191888001|NR4A1NR2C1|NR2C1ENCFF358PYP:missed_target=chr2:33141001-33142001, target=KLF13
ENCFF358PYP:missed_target=HDAC11|chr3:13521665-13547924, target=KLF13
KLF13|KLF13|chr2:33141001-33142001|HDAC11ENCFF563YDI:missed_target=ARHGAP21|chr10:24872538-25012597, target=NFE2L1
NFE2L1|NFE2L1|ARHGAP21ENCFF137GVE:missed_target=EMC9-Promoter|chr14:24610797-24611797, target=IRF9
ENCFF137GVE:missed_target=chr3:146468001-146469001, target=IRF9
ENCFF137GVE:missed_target=CERS2|chr1:150937649-150947479, target=IRF9
ENCFF137GVE:missed_target=NFKBIL1|chr6:31514628-31526606, target=IRF9
IRF9|IRF9|EMC9-Promoter|chr3:146468001-146469001|CERS2|NFKBIL1KLF16ENCFF284BOO:missed_target=ZNF446|chr19:58987531-59000900, target=TSC22D4
ENCFF284BOO:missed_target=ZNF446|chr19:58987531-59000900, target=TSC22D4
ENCFF284BOO:missed_target=ZNF8-Promoter|chr19:58789318-58790318, target=TSC22D4
ENCFF284BOO:missed_target=HIST1H1C-Cterm|chr6:26054968-26055968, target=TSC22D4
ZNF446|ZNF446|ZNF8-Promoter|HIST1H1C-CtermMAZDDX20|DDX20ENCFF393ANW:missed_target=chr11:13058001-13059001, target=HDAC8
HDAC8|HDAC8|chr11:13058001-13059001ENCFF683PDC:missed_target=NFE2L1|chr17:46125667-46138907, target=MAFG
MAFG|MAFG|NFE2L1ENCFF956XXD:missed_target=ACSL6|chr5:131285666-131347761, target=CDT1
ACSL6ENCFF466RJA:missed_target=chr1:91624001-91625001, target=ETS2
ETS2|ETS2|chr1:91624001-91625001PTTG1-Cterm|PTTG1ENCFF614IRS:missed_target=chr1:187920001-187921001, target=IRF9
ENCFF614IRS:missed_target=REC8|chr14:24641234-24649463, target=IRF9
ENCFF614IRS:missed_target=CERS2|chr1:150937649-150947479, target=IRF9
IRF9|IRF9|chr1:187920001-187921001|REC8|CERS2IRF9|IRF9ENCFF795KJT:missed_target=chrX:117029001-117030001, target=RELA
RELA|RELA|chrX:117029001-117030001ENCFF734FMS:missed_target=CD37-Cterm|chr19:49843863-49844863, target=TEAD2
ENCFF734FMS:missed_target=CD37-Cterm|chr19:49843863-49844863, target=TEAD2
CD37-Cterm|CD37-Cterm|TEAD2|TEAD2ENCFF760LCQ:missed_target=ID3|chr1:23884421-23886285, target=NR4A1
ENCFF760LCQ:missed_target=ID3|chr1:23884421-23886285, target=NR4A1
ENCFF760LCQ:missed_target=chr1:23897001-23898001, target=NR4A1
ID3|ID3|chr1:23897001-23898001|NR4A1ENCFF703OVM:missed_target=ZNF446|chr19:58987531-59000900, target=TSC22D4
ENCFF703OVM:missed_target=ZNF446|chr19:58987531-59000900, target=TSC22D4
ENCFF703OVM:missed_target=HIST1H1C|chr6:26055968-26056699, target=TSC22D4
ENCFF703OVM:missed_target=ZSCAN22|chr19:58838385-58853712, target=TSC22D4
ZNF446|ZNF446|HIST1H1C|ZSCAN22IRF1|IRF1ENCFF141RCB:missed_target=chr5:138676001-138676520, target=PTRF
ENCFF141RCB:missed_target=chr15:36447001-36448001, target=PTRF
PTRF|PTRF|chr5:138676001-138676520|chr15:36447001-36448001NR2C1|NR2C1ENCFF487HZM:missed_target=chr10:64708001-64709001, target=ETV1
ETV1|ETV1|chr10:64708001-64709001DIDO1|DIDO1ENCFF909GZY:missed_target=chr16:88761001-88761902, target=PRDM12
chr16:88761001-88761902NFE2|NFE2GLI4GLIS2KLF17PBX2|PBX2ENCFF435LUY:missed_target=chr6:26332001-26333001, target=CDT1
chr6:26332001-26333001MEF2D|MEF2DZBTB17ENCFF244FZX:missed_target=chrX:28342001-28343001, target=ZNF71
ZNF71|chrX:28342001-28343001MZF1CTCFENCFF539QEY:missed_target=ZFP37|chr9:115804095-115819071, target=SCRT2
SCRT2|ZFP37PRDM2ENCFF218OLA:missed_target=ZBTB17|chr1:16268364-16302627, target=ZNF2
ZNF2|ZBTB17ENCFF844IHT:missed_target=chrX:42786001-42787001, target=ZNF414
ZNF414|chrX:42786001-42787001SCRT1ZNF488POLR2H|POLR2H-Cterm|POLR2HTFCP2ENCFF354NIL:missed_target=chr8:29897001-29898001, target=REST
REST|chr8:29897001-29898001ENCFF028VGN:missed_target=SNAI2|chr8:49830236-49833999, target=ZNF577
ENCFF028VGN:missed_target=SNAI2|chr8:49830236-49833999, target=ZNF577
SNAI2|SNAI2|ZNF577ZNF510ENCFF656JYN:missed_target=METTL21A|chr2:208445355-208490777, target=CREB1
ENCFF656JYN:missed_target=RAD21|chr8:117858173-117887105, target=CREB1
ENCFF656JYN:missed_target=METTL21A|chr2:208445355-208490777, target=CREB1
METTL21A|CREB1|RAD21|METTL21A|CREB1OVOL1ENCFF387FVC:missed_target=PPM1G-Cterm|chr2:27603066-27604066, target=ZNF8
ENCFF387FVC:missed_target=ZNF513|chr2:27600098-27603611, target=ZNF8
ZNF8|PPM1G-Cterm|ZNF513ENCFF564LRC:missed_target=SNAI2|chr8:49830236-49833999, target=NR2F1
ENCFF564LRC:missed_target=NR2F6|chr19:17342694-17356151, target=NR2F1
ENCFF564LRC:missed_target=NR2F6|chr19:17342694-17356151, target=NR2F1
ENCFF564LRC:missed_target=LHX2|chr9:126773889-126795442, target=NR2F1
ENCFF564LRC:missed_target=RAD21|chr8:117858173-117887105, target=NR2F1
SNAI2|NR2F6|NR2F1|NR2F6|LHX2|RAD21ERF|ERFENCFF454PLN:missed_target=ERF|chr19:42751713-42759316, target=TFE3
ERFERF|ERFENCFF246OUP:missed_target=MAZ|chr16:29817417-29822504, target=RAD21
MAZ|RAD21ENCFF604BPK:missed_target=SNAI2|chr8:49830236-49833999, target=REST
ENCFF604BPK:missed_target=SNAI2|chr8:49830236-49833999, target=REST
REST|SNAI2|SNAI2ENCFF094IHR:missed_target=ZNF70|chr22:24083771-24093279, target=ZNF436
ZNF70|ZNF436ZNF561FOXO4ZNF768ZNF70|ZNF70ZNF770YY1ENCFF089MKD:missed_target=JUNB|chr19:12902310-12904125, target=SMAD3
SMAD3|JUNBRAD21|RAD21ENCFF820JZV:missed_target=METTL21A|chr2:208445355-208490777, target=CREB1
METTL21A|CREB1MAZ|MAZSMAD3ENCFF761ETZ:missed_target=chr10:52654001-52655001, target=ZNF778
chr10:52654001-52655001|ZNF778ZNF347RESTJUNB|JUNBFOSL2|FOSL2ENCFF807NFG:missed_target=ATF4-Cterm|chr22:39918691-39919691, target=ZSCAN32
ENCFF807NFG:missed_target=ATF4|chr22:39916564-39918691, target=ZSCAN32
ZSCAN32|ZSCAN32|ATF4-Cterm|ATF4NR2F6TOX2ENCFF465UKP:missed_target=CWC27|chr5:64064745-64314590, target=ZBTB17
ENCFF465UKP:missed_target=THRB|chr3:24158644-24536313, target=ZBTB17
ZBTB17-Cterm|ZBTB17|CWC27|THRBZNF212|ZNF212ENCFF207VZY:missed_target=ATF4|chr22:39916564-39918691, target=CREB1
ATF4ENCFF699VQF:missed_target=SLC2A12-Cterm|chr6:134307719-134308719, target=ZNF75A
ENCFF699VQF:missed_target=TBPL1|chr6:134273308-134308638, target=ZNF75A
ZNF75A|ZNF75A|SLC2A12-Cterm|TBPL1ZBTB9|ZBTB9ERF|ERFENCFF051VPB:missed_target=NR2F6|chr19:17342694-17356151, target=ZNF8
ZNF8|NR2F6ENCFF230HZW:missed_target=NR2F6|chr19:17342694-17356151, target=ZNF8
ZNF8|ZNF8|NR2F6ARNTLNR2F1ZBTB44ENCFF150LAR:missed_target=ZNF677|chr19:53738634-53758156, target=ZNF549
ZNF677ENCFF532GQH:missed_target=ZKSCAN4|chr6:28209483-28227030, target=KLF10
KLF10|ZKSCAN4ENCFF487ISA:missed_target=SNAI2|chr8:49830236-49833999, target=ZNF8
ENCFF487ISA:missed_target=PXT1|chr6:36358328-36410666, target=ZNF8
ZNF8|SNAI2|ZNF8|PXT1ENCFF316CVS:missed_target=TFCP2|chr12:51487539-51566926, target=DEAF1
DEAF1|DEAF1|TFCP2ENCFF215TEG:missed_target=LHFP|chr13:39917029-40177356, target=FOXA3
FOXA3|FOXA3|LHFPRAD21|RAD21ZNF347|ZNF347ZNF250ZFP1ENCFF035FCR:missed_target=MARS-Cterm|chr12:57910438-57911438, target=ZNF586
ENCFF035FCR:missed_target=MARS-Cterm|chr12:57910438-57911438, target=ZNF586
ENCFF035FCR:missed_target=DDIT3|chr12:57910371-57914300, target=ZNF586
ENCFF035FCR:missed_target=DDIT3|chr12:57910371-57914300, target=ZNF586
MARS-Cterm|MARS-Cterm|DDIT3|DDIT3ZNF257ZNF57JUNB|JUNBENCFF547LUD:missed_target=MARS-Cterm|chr12:57910438-57911438, target=ZNF586
ENCFF547LUD:missed_target=DDIT3|chr12:57910371-57914300, target=ZNF586
ENCFF547LUD:missed_target=MARS-Cterm|chr12:57910438-57911438, target=ZNF586
ENCFF547LUD:missed_target=DDIT3|chr12:57910371-57914300, target=ZNF586
ENCFF547LUD:missed_target=chr8:35674001-35675001, target=ZNF586
ENCFF547LUD:missed_target=ETV1|chr7:13930854-14031050, target=ZNF586
MARS-Cterm|DDIT3|MARS-Cterm|DDIT3|chr8:35674001-35675001|ETV1ENCFF501TZA:missed_target=SLC2A12-Cterm|chr6:134307719-134308719, target=TBPL1
ENCFF501TZA:missed_target=SLC2A12-Cterm|chr6:134307719-134308719, target=TBPL1
SLC2A12-Cterm|SLC2A12-Cterm|TBPL1|TBPL1ENCFF426VZE:missed_target=NR2F6|chr19:17342694-17356151, target=SOX13
SOX13|NR2F6ENCFF602AXC:missed_target=chr4:40732001-40733001, target=ZBTB9
ZBTB9|ZBTB9|chr4:40732001-40733001ENCFF422RCF:missed_target=NR2F6|chr19:17342694-17356151, target=PRDM15
PRDM15|NR2F6ENCFF819WYU:missed_target=RAD21|chr8:117858173-117887105, target=DEAF1
DEAF1|DEAF1|RAD21ENCFF413TFC:missed_target=SLC2A12-Cterm|chr6:134307719-134308719, target=TBPL1
ENCFF413TFC:missed_target=SLC2A12-Cterm|chr6:134307719-134308719, target=TBPL1
ENCFF413TFC:missed_target=chr4:32777001-32778001, target=TBPL1
ENCFF413TFC:missed_target=C12orf75|chr12:105724414-105765296, target=TBPL1
SLC2A12-Cterm|TBPL1|SLC2A12-Cterm|TBPL1|chr4:32777001-32778001|C12orf75ENCFF487DRU:missed_target=ARNTL|chr11:13299274-13408813, target=FOSL2
FOSL2|FOSL2|ARNTLENCFF544JNE:missed_target=SLC2A12-Cterm|chr6:134307719-134308719, target=ZNF212
ENCFF544JNE:missed_target=TBPL1|chr6:134273308-134308638, target=ZNF212
ZNF212|ZNF212|SLC2A12-Cterm|TBPL1ZNF565ZNF561SMAD3|SMAD3TEAD1|TEAD1ZNF257ZNF660HMG20AENCFF066EKP:missed_target=COL9A3-Cterm|chr20:61472511-61473511, target=TCFL5
ENCFF066EKP:missed_target=COL9A3-Cterm|chr20:61472511-61473511, target=TCFL5
ENCFF066EKP:missed_target=AFAP1|chr4:7760440-7941653, target=TCFL5
COL9A3-Cterm|COL9A3-Cterm|TCFL5|TCFL5|AFAP1ZFP1ZFP1ENCFF349PNU:missed_target=ERF|chr19:42751713-42759316, target=ZNF436
ZNF436|ERF|ZNF436ENCFF896QXS:missed_target=RAD21|chr8:117858173-117887105, target=ELK3
ENCFF896QXS:missed_target=PTCD3|chr2:86333305-86369280, target=ELK3
ELK3|RAD21|PTCD3ZNF777ZNF777ENCFF920JRG:missed_target=ZBTB21|chr21:43406940-43430496, target=ZNF629
ZBTB21ENCFF078VXR:missed_target=chr11:65245001-65246001, target=CREB5
chr11:65245001-65246001|CREB5|CREB5ENCFF160QDU:missed_target=MARS|chr12:57881736-57910438, target=DDIT3
ENCFF160QDU:missed_target=MARS-Cterm|chr12:57910438-57911438, target=DDIT3
ENCFF160QDU:missed_target=MARS-Cterm|chr12:57910438-57911438, target=DDIT3
DDIT3|MARS|MARS-Cterm|DDIT3|DDIT3-Cterm|MARS-CtermENCFF478JEY:missed_target=MYO16|chr13:109248500-109860355, target=PATZ1
PATZ1|MYO16ENCFF154TMY:missed_target=PSMC3IP-Cterm|chr17:40723328-40724328, target=ZNF140
ENCFF154TMY:missed_target=MLX|chr17:40719078-40725221, target=ZNF140
ZNF140|PSMC3IP-Cterm|MLXZNF331ENCFF482LOR:missed_target=chr2:65765001-65766001, target=ZNF140
chr2:65765001-65766001|ZNF140ZNF227|ZNF227ZNF354B|ZNF354B-Cterm|ZNF354BENCFF708HJS:missed_target=ZNF473|chr19:50529150-50552033, target=ZNF195
ZNF195|ZNF473ZNF398ENCFF697HNT:missed_target=COG5-Cterm|chr7:106841189-106842189, target=SRF
ENCFF697HNT:missed_target=COG5-Cterm|chr7:106841189-106842189, target=SRF
ENCFF697HNT:missed_target=HBP1|chr7:106809406-106842974, target=SRF
ENCFF697HNT:missed_target=HBP1|chr7:106809406-106842974, target=SRF
COG5-Cterm|COG5-Cterm|SRF|HBP1|HBP1PATZ1|PATZ1ENCFF355TNC:missed_target=HOXA13|chr7:27236499-27239725, target=ZBTB11
ENCFF355TNC:missed_target=HOXA13|chr7:27236499-27239725, target=ZBTB11
ZBTB11|ZBTB11|HOXA13|HOXA13ENCFF101DJY:missed_target=COG5-Cterm|chr7:106841189-106842189, target=ZNF354C
ENCFF101DJY:missed_target=HBP1|chr7:106809406-106842974, target=ZNF354C
COG5-Cterm|ZNF354C|HBP1PATZ1ZNF101ENCFF117GAX:missed_target=chr2:33141001-33142001, target=ZNF394
ZNF394|chr2:33141001-33142001ENCFF862OIP:missed_target=TMEM56|chr1:95558073-95663163, target=ZBTB17
ZBTB17|TMEM56ENCFF514FUK:missed_target=ZNF354C|chr5:178487416-178510978, target=MZF1
ENCFF514FUK:missed_target=ZNF354C|chr5:178487416-178510978, target=MZF1
ENCFF514FUK:missed_target=ZNF70|chr22:24083771-24093279, target=MZF1
ENCFF514FUK:missed_target=ZNF70|chr22:24083771-24093279, target=MZF1
ENCFF514FUK:missed_target=ZNF565|chr19:36672962-36705986, target=MZF1
MZF1|ZNF354C|ZNF354C|ZNF70|ZNF70|ZNF565ENCFF691JKH:missed_target=ZNF565|chr19:36672962-36705986, target=ZBTB12
ENCFF691JKH:missed_target=C2|chr6:31865562-31913451, target=ZBTB12
ZBTB12|ZNF565|C2ENCFF031VYK:missed_target=SNAI2|chr8:49830236-49833999, target=ZNF189
ENCFF031VYK:missed_target=SNAI2|chr8:49830236-49833999, target=ZNF189
ENCFF031VYK:missed_target=MRPL50-Promoter|chr9:104160919-104161919, target=ZNF189
ENCFF031VYK:missed_target=FAM124A|chr13:51796470-51858377, target=ZNF189
SNAI2|SNAI2|ZNF189|MRPL50-Promoter|FAM124AENCFF201BJK:missed_target=MEGF10|chr5:126626456-126796914, target=ZNF76
ZNF76|MEGF10ZBTB6ZBTB44ENCFF378PPW:missed_target=SNAI2|chr8:49830236-49833999, target=ZNF549
ENCFF378PPW:missed_target=SNAI2|chr8:49830236-49833999, target=ZNF549
SNAI2|SNAI2|ZNF549ENCFF144ZOK:missed_target=ZNF277|chr7:111846643-111983989, target=ZNF512
ENCFF144ZOK:missed_target=STPG2|chr4:98480025-99064391, target=ZNF512
ZNF512|ZNF512|ZNF277|STPG2ETS2|ETS2ENCFF417ORB:missed_target=ADAM9|chr8:38854505-38962780, target=PBX2
ENCFF417ORB:missed_target=NEB|chr2:152341853-152591001, target=PBX2
PBX2|PBX2|ADAM9|NEBENCFF515FZH:missed_target=chr6:156155001-156156001, target=CDT1
chr6:156155001-156156001NFE2|NFE2PRDM4PRDM4MAZNFE2L1|NFE2L1AEBP2NR2F6|NR2F6ZNF544ENCFF634RIS:missed_target=PSMC3IP-Cterm|chr17:40723328-40724328, target=MLX
ENCFF634RIS:missed_target=PSMC3IP-Cterm|chr17:40723328-40724328, target=MLX
PSMC3IP-Cterm|MLX|PSMC3IP-Cterm|MLXENCFF598DYO:missed_target=ZNF277|chr7:111846643-111983989, target=GTF2A2
ENCFF598DYO:missed_target=ZNF277|chr7:111846643-111983989, target=GTF2A2
ENCFF598DYO:missed_target=chr12:45565001-45566001, target=GTF2A2
ENCFF598DYO:missed_target=chr6:3584001-3585001, target=GTF2A2
ENCFF598DYO:missed_target=MAP3K1|chr5:56110900-56191979, target=GTF2A2
ZNF277|ZNF277|GTF2A2|GTF2A2|chr12:45565001-45566001|chr6:3584001-3585001|MAP3K1ENCFF677HTA:missed_target=chr15:60069001-60070001, target=GTF2A2
ENCFF677HTA:missed_target=chr5:52661001-52662001, target=GTF2A2
ENCFF677HTA:missed_target=chr15:60051001-60052001, target=GTF2A2
ENCFF677HTA:missed_target=ZNF277|chr7:111846643-111983989, target=GTF2A2
GTF2A2|GTF2A2|chr15:60069001-60070001|chr5:52661001-52662001|chr15:60051001-60052001|ZNF277ENCFF555ESZ:missed_target=SNAI2|chr8:49830236-49833999, target=ZNF213
ZNF213|SNAI2ENCFF185UEB:missed_target=PPM1G-Cterm|chr2:27603066-27604066, target=ZNF513
ZNF513|PPM1G-CtermENCFF956EJH:missed_target=ZNF565|chr19:36672962-36705986, target=ZNF449
ZNF449|ZNF565ENCFF585XDY:missed_target=ZNF70|chr22:24083771-24093279, target=ZNF37A
ENCFF585XDY:missed_target=ZNF565|chr19:36672962-36705986, target=ZNF37A
ZNF70|ZNF565|ZNF37AZNF292ENCFF509GKB:missed_target=MARS-Cterm|chr12:57910438-57911438, target=DDIT3
ENCFF509GKB:missed_target=MARS|chr12:57881736-57910438, target=DDIT3
ENCFF509GKB:missed_target=MARS-Cterm|chr12:57910438-57911438, target=DDIT3
ENCFF509GKB:missed_target=SNRPA|chr19:41256759-41271297, target=DDIT3
DDIT3|MARS-Cterm|MARS|DDIT3|MARS-Cterm|DDIT3-Cterm|SNRPAENCFF669NWL:missed_target=ZBTB26|chr9:125680308-125693830, target=ZSCAN20
ZBTB26ZNF48ZNF8ENCFF548SNS:missed_target=chr2:33141001-33142001, target=ETV1
ENCFF548SNS:missed_target=chr7:14050001-14051001, target=ETV1
ENCFF548SNS:missed_target=PROCR|chr20:33759740-33765165, target=ETV1
ETV1|ETV1|ETV1|chr2:33141001-33142001|chr7:14050001-14051001|PROCRENCFF677HXI:missed_target=CD37-Cterm|chr19:49843863-49844863, target=TEAD2
ENCFF677HXI:missed_target=CD37-Cterm|chr19:49843863-49844863, target=TEAD2
CD37-Cterm|TEAD2|CD37-Cterm|TEAD2ENCFF423ZOG:missed_target=ZNF512|chr2:27805836-27846082, target=HINFP
ENCFF423ZOG:missed_target=ZNF512|chr2:27805836-27846082, target=HINFP
HINFP|ZNF512|HINFP|ZNF512HES5-PromoterNR2C1|NR2C1ENCFF170BWT:missed_target=chr15:68132001-68133001, target=HES5
chr15:68132001-68133001ENCFF274ZEZ:missed_target=GBA2-Cterm|chr9:35735859-35736859, target=CREB3
ENCFF274ZEZ:missed_target=GBA2-Cterm|chr9:35735859-35736859, target=CREB3
ENCFF274ZEZ:missed_target=GBA2|chr9:35736859-35749233, target=CREB3
CREB3|GBA2-Cterm|GBA2-Cterm|CREB3|GBA2RELA|RELAENCFF226RVI:missed_target=BAP1|chr3:52435020-52444121, target=NFE2L1
NFE2L1|NFE2L1|BAP1ZNF354C|ZNF354CZNF34ZNF781SRFZNF623ENCFF845LVP:missed_target=SETD5|chr3:9439384-9519838, target=HES5
SETD5ENCFF427TUR:missed_target=ETV1|chr7:13930854-14031050, target=PYGO2
PYGO2|PYGO2|ETV1ZNF341ZNF324ZNF280B|ZNF280BENCFF580STU:missed_target=chr1:12595001-12596001, target=ZNF414
ZNF414|chr1:12595001-12596001SP3ATF1|ATF1|ATF1|ATF1ZEB1ZSCAN23ENCFF395XDN:missed_target=TAF10-Cterm|chr11:6631048-6632048, target=ILK
ENCFF395XDN:missed_target=TAF10-Cterm|chr11:6631048-6632048, target=ILK
ENCFF395XDN:missed_target=chr10:43020001-43021001, target=ILK
TAF10-Cterm|TAF10-Cterm|ILK|ILK|chr10:43020001-43021001ZFP64ENCFF528TQX:missed_target=PSMD8|chr19:38865190-38874464, target=ZNF138
ZNF138|PSMD8FEZF1ZNF341KLF17ENCFF708WRY:missed_target=chr12:95866001-95866821, target=ZNF331
ENCFF708WRY:missed_target=ESR1|chr6:152011631-152450739, target=ZNF331
ZNF331|chr12:95866001-95866821|ESR1ENCFF033RQX:missed_target=HAND2|chr4:174447652-174451378, target=ZNF800
HAND2KLF9KLF8ENCFF515LZE:missed_target=ZNF268|chr12:133757995-133783698, target=ZNF264
ZNF268ZNF18ENCFF496CZA:missed_target=chr11:119345001-119346001, target=CEBPG
CEBPG|CEBPG|chr11:119345001-119346001ZEB1ZBTB49ZNF362ZNF34ZNF837ZBTB11ENCFF619LOK:missed_target=ZBTB17|chr1:16268364-16302627, target=ZNF438
ZBTB17ZNF101ENCFF426TGH:missed_target=ZNF232|chr17:5009029-5026337, target=ZNF382
ZNF232ENCFF270PCJ:missed_target=ZNF268|chr12:133757995-133783698, target=ZNF264
ZNF268AEBP2ENCFF240EGC:missed_target=ZNF354B-Cterm|chr5:178311424-178312424, target=ZNF507
ENCFF240EGC:missed_target=ZNF354B|chr5:178286954-178311424, target=ZNF507
ENCFF240EGC:missed_target=ZNF354B|chr5:178286954-178311424, target=ZNF507
ENCFF240EGC:missed_target=chr3:186382001-186382740, target=ZNF507
ENCFF240EGC:missed_target=chr2:31730001-31731001, target=ZNF507
ENCFF240EGC:missed_target=chr4:30119001-30120001, target=ZNF507
ENCFF240EGC:missed_target=chr19:23897001-23898001, target=ZNF507
ENCFF240EGC:missed_target=chr5:178207001-178208001, target=ZNF507
ENCFF240EGC:missed_target=chr3:175876001-175877001, target=ZNF507
ENCFF240EGC:missed_target=chr19:46749001-46750001, target=ZNF507
ENCFF240EGC:missed_target=chr15:79203001-79204001, target=ZNF507
ENCFF240EGC:missed_target=chr14:46396001-46397001, target=ZNF507
ENCFF240EGC:missed_target=ZNF354B|chr5:178286954-178311424, target=ZNF507
ENCFF240EGC:missed_target=ZNF410|chr14:74353318-74398991, target=ZNF507
ZNF354B-Cterm|ZNF354B|ZNF354B|chr3:186382001-186382740|chr2:31730001-31731001|chr4:30119001-30120001|chr19:23897001-23898001|chr5:178207001-178208001|chr3:175876001-175877001|chr19:46749001-46750001|chr15:79203001-79204001|chr14:46396001-46397001|ZNF354B|ZNF410TAF7|TAF7ENCFF693JKI:missed_target=TMPRSS12|chr12:51236701-51281667, target=ATF1
ATF1|ATF1|TMPRSS12|ATF1|ATF1ZFP64ENCFF132GDV:missed_target=ZNF507|chr19:32836514-32878573, target=ZNF354B
ENCFF132GDV:missed_target=ZNF507|chr19:32836514-32878573, target=ZNF354B
ZNF507|ZNF507NFE2|NFE2POLR2H|POLR2H|POLR2H-CtermZNF501ZNF239KLF1|KLF1ENCFF990FFM:missed_target=chr7:118111001-118112001, target=ETV1
ENCFF990FFM:missed_target=chr12:90966001-90967001, target=ETV1
ETV1|ETV1|chr7:118111001-118112001|chr12:90966001-90967001ENCFF014DZB:missed_target=ZNF692|chr1:249144203-249153315, target=ZFP69B
ZNF692ZNF138ENCFF390XLA:missed_target=GBA2-Cterm|chr9:35735859-35736859, target=CREB3
ENCFF390XLA:missed_target=GBA2-Cterm|chr9:35735859-35736859, target=CREB3
ENCFF390XLA:missed_target=GBA2|chr9:35736859-35749233, target=CREB3
ENCFF390XLA:missed_target=ETV1|chr7:13930854-14031050, target=CREB3
GBA2-Cterm|CREB3|CREB3|GBA2-Cterm|GBA2|ETV1ZNF24|ZNF24ZNF202CTCFENCFF647KQT:missed_target=chr1:212703001-212704001, target=ATF3
ENCFF647KQT:missed_target=chr1:212658001-212659001, target=ATF3
ENCFF647KQT:missed_target=chr1:212663001-212664001, target=ATF3
ENCFF647KQT:missed_target=chr1:212811001-212812001, target=ATF3
ATF3|ATF3|chr1:212703001-212704001|chr1:212658001-212659001|chr1:212663001-212664001|chr1:212811001-212812001ENCFF345RFV:missed_target=KLF15|chr3:126061478-126076236, target=ZFP2
KLF15ENCFF185PQG:missed_target=ZNF507|chr19:32836514-32878573, target=ZNF354B
ENCFF185PQG:missed_target=ZNF507|chr19:32836514-32878573, target=ZNF354B
ENCFF185PQG:missed_target=chr6:47712001-47713001, target=ZNF354B
ENCFF185PQG:missed_target=MPP7|chr10:28339922-28591995, target=ZNF354B
ZNF507|ZNF507|chr6:47712001-47713001|MPP7ZFP41ZNF146ZBTB7AGLIS1KLF1KLF8OSR2ZSCAN5AENCFF858OMD:missed_target=FAM186A|chr12:50721095-50790405, target=SCRT2
SCRT2|FAM186AENCFF206NYP:missed_target=SHOX2|chr3:157813800-157823952, target=KLF6
KLF6|KLF6|SHOX2ENCFF169UAL:missed_target=chr2:221989001-221990001, target=HIC1
ENCFF169UAL:missed_target=chr2:33141001-33142001, target=HIC1
HIC1|chr2:221989001-221990001|chr2:33141001-33142001ENCFF203GDE:missed_target=CTNNAL1|chr9:111704849-111775874, target=NFE2L1
NFE2L1|NFE2L1|CTNNAL1ENCFF975DCU:missed_target=CSDC2|chr22:41957014-41972670, target=ZNF354C
ENCFF975DCU:missed_target=SNAI2|chr8:49830236-49833999, target=ZNF354C
CSDC2|SNAI2ENCFF109IXL:missed_target=ACOX3|chr4:8368009-8442452, target=ATOH8
ENCFF109IXL:missed_target=FGF12|chr3:191857182-192445388, target=ATOH8
ATOH8|ACOX3|FGF12ZBTB6SCRT1ENCFF035UFD:missed_target=HOXA13|chr7:27236499-27239725, target=NR4A1
ENCFF035UFD:missed_target=HOXA13|chr7:27236499-27239725, target=NR4A1
ENCFF035UFD:missed_target=HORMAD2|chr22:30476058-30573064, target=NR4A1
HOXA13|HOXA13|NR4A1|HORMAD2ENCFF418SMX:missed_target=ZNF232|chr17:5009029-5026337, target=ZNF382
ENCFF418SMX:missed_target=TTC23L|chr5:34839269-34900616, target=ZNF382
ZNF232|TTC23LZNF664|ZNF664-RFLNAE2F3|E2F3ENCFF207CRX:missed_target=TBX19|chr1:168250278-168283664, target=HOXB13
HOXB13|HOXB13|TBX19ENCFF037XNL:missed_target=HOXB13|chr17:46802125-46806111, target=EHF
ENCFF037XNL:missed_target=HOXA13|chr7:27236499-27239725, target=EHF
ENCFF037XNL:missed_target=FOXS1|chr20:30432103-30433420, target=EHF
ENCFF037XNL:missed_target=HOXA13|chr7:27236499-27239725, target=EHF
ENCFF037XNL:missed_target=HOXB5|chr17:46668619-46671103, target=EHF
ENCFF037XNL:missed_target=HOXB13|chr17:46802125-46806111, target=EHF
ENCFF037XNL:missed_target=FOXF2|chr6:1390069-1395832, target=EHF
ENCFF037XNL:missed_target=chr15:92731001-92732001, target=EHF
ENCFF037XNL:missed_target=FOXF2|chr6:1390069-1395832, target=EHF
ENCFF037XNL:missed_target=BNC2|chr9:16409501-16870786, target=EHF
HOXB13|HOXA13|EHF|FOXS1|HOXA13|EHF|HOXB5|HOXB13|FOXF2|chr15:92731001-92732001|FOXF2|BNC2ENCFF071WQZ:missed_target=SP7|chr12:53720359-53738577, target=ZFP2
ZFP2|SP7ZFP3ENCFF874IUH:missed_target=HOMEZ|chr14:23742844-23755309, target=TBX18
ENCFF874IUH:missed_target=NOLC1|chr10:103911933-103923628, target=TBX18
ENCFF874IUH:missed_target=ANKRD54|chr22:38226862-38240353, target=TBX18
TBX18|TBX18|HOMEZ|NOLC1|ANKRD54GFI1BENCFF623BWW:missed_target=chr14:88297001-88298001, target=HIC1
HIC1|chr14:88297001-88298001ZBTB7AZNF560ENCFF219XKY:missed_target=ZBTB14|chr18:5289018-5297052, target=ZBTB26
ZBTB14ENCFF837FJY:missed_target=MARS-Cterm|chr12:57910438-57911438, target=PPARD
ENCFF837FJY:missed_target=HOXA13|chr7:27236499-27239725, target=PPARD
ENCFF837FJY:missed_target=DDIT3|chr12:57910371-57914300, target=PPARD
PPARD|MARS-Cterm|HOXA13|DDIT3|PPARDENCFF272TZP:missed_target=ZNF630|chrX:47917567-47931025, target=PBX1
ENCFF272TZP:missed_target=NR4A2|chr2:157180944-157189287, target=PBX1
ENCFF272TZP:missed_target=NR4A2|chr2:157180944-157189287, target=PBX1
ZNF630|PBX1|PBX1|NR4A2|NR4A2ZNF16ENCFF503RUC:missed_target=ZBTB5|chr9:37438099-37465407, target=ZNF696
ZNF696|ZBTB5|ZNF696ENCFF919KAD:missed_target=ZNF581-Promoter|chr19:56153986-56154986, target=ZNF580
ZNF580|ZNF581-PromoterENCFF815ZVG:missed_target=ZBTB2|chr6:151685250-151712835, target=ZEB2
ZEB2|ZBTB2ZBTB49ENCFF452XLR:missed_target=NR4A2|chr2:157180944-157189287, target=PBX1
PBX1|NR4A2ZNF768ENCFF853QMD:missed_target=HOXA13|chr7:27236499-27239725, target=TSHZ2
ENCFF853QMD:missed_target=HOXA13|chr7:27236499-27239725, target=TSHZ2
ENCFF853QMD:missed_target=HOXB13|chr17:46802125-46806111, target=TSHZ2
ENCFF853QMD:missed_target=HOXB13|chr17:46802125-46806111, target=TSHZ2
ENCFF853QMD:missed_target=HOXB5|chr17:46668619-46671103, target=TSHZ2
ENCFF853QMD:missed_target=HOXB5|chr17:46668619-46671103, target=TSHZ2
ENCFF853QMD:missed_target=EHF|chr11:34642588-34684835, target=TSHZ2
ENCFF853QMD:missed_target=EHF|chr11:34642588-34684835, target=TSHZ2
ENCFF853QMD:missed_target=FOXS1|chr20:30432103-30433420, target=TSHZ2
ENCFF853QMD:missed_target=FOXF2|chr6:1390069-1395832, target=TSHZ2
ENCFF853QMD:missed_target=chr17:70031001-70032001, target=TSHZ2
ENCFF853QMD:missed_target=chr2:133034001-133035001, target=TSHZ2
ENCFF853QMD:missed_target=FOXS1|chr20:30432103-30433420, target=TSHZ2
ENCFF853QMD:missed_target=chr9:83428001-83429001, target=TSHZ2
ENCFF853QMD:missed_target=chr18:51549001-51550001, target=TSHZ2
ENCFF853QMD:missed_target=FOXS1-Cterm|chr20:30431103-30432103, target=TSHZ2
ENCFF853QMD:missed_target=chr13:53707001-53708001, target=TSHZ2
ENCFF853QMD:missed_target=chr5:78654001-78655001, target=TSHZ2
ENCFF853QMD:missed_target=chr6:33845001-33846001, target=TSHZ2
ENCFF853QMD:missed_target=chr2:33141001-33142001, target=TSHZ2
ENCFF853QMD:missed_target=HOXA13|chr7:27236499-27239725, target=TSHZ2
ENCFF853QMD:missed_target=FOXF2|chr6:1390069-1395832, target=TSHZ2
HOXA13|HOXA13|HOXB13|HOXB13|HOXB5|HOXB5|EHF|EHF|FOXS1|FOXF2|chr17:70031001-70032001|chr2:133034001-133035001|FOXS1|chr9:83428001-83429001|chr18:51549001-51550001|FOXS1-Cterm|chr13:53707001-53708001|chr5:78654001-78655001|chr6:33845001-33846001|chr2:33141001-33142001|HOXA13|FOXF2ZBTB33TSHZ1ZNF48ENCFF322OHR:missed_target=ZNF692|chr1:249144203-249153315, target=ZFP69B
ZNF692ENCFF265BUM:missed_target=HOXA13|chr7:27236499-27239725, target=FOXF2
ENCFF265BUM:missed_target=HOXB5|chr17:46668619-46671103, target=FOXF2
ENCFF265BUM:missed_target=EHF|chr11:34642588-34684835, target=FOXF2
ENCFF265BUM:missed_target=FOXS1|chr20:30432103-30433420, target=FOXF2
ENCFF265BUM:missed_target=EHF|chr11:34642588-34684835, target=FOXF2
ENCFF265BUM:missed_target=HOXA13|chr7:27236499-27239725, target=FOXF2
ENCFF265BUM:missed_target=HOXB13|chr17:46802125-46806111, target=FOXF2
ENCFF265BUM:missed_target=HOXB13|chr17:46802125-46806111, target=FOXF2
HOXA13|FOXF2|HOXB5|EHF|FOXS1|EHF|HOXA13|HOXB13|HOXB13|FOXF2ENCFF009OKE:missed_target=chr17:56235001-56236001, target=MSX2
chr17:56235001-56236001|MSX2ENCFF164KAE:missed_target=chr17:35196001-35197001, target=CLOCK
CLOCK|CLOCK|chr17:35196001-35197001FEZF1ENCFF336SWY:missed_target=chr20:54558001-54559001, target=ZNF215
ENCFF336SWY:missed_target=chr11:59987001-59988001, target=ZNF215
ENCFF336SWY:missed_target=ARID4B|chr1:235330210-235491534, target=ZNF215
ZNF215|ZNF215|chr20:54558001-54559001|chr11:59987001-59988001|ARID4BZNF843ZNF79-Cterm|ZNF79ZNF354B|ZNF354B-CtermZNF354BZBTB10ZNF404ENCFF684UVH:missed_target=C2|chr6:31865562-31913451, target=ZBTB12
ZBTB12|C2ENCFF811RLD:missed_target=ZBTB26|chr9:125680308-125693830, target=ZSCAN20
ZBTB26ENCFF055BVM:missed_target=ZNF449|chrX:134478696-134497338, target=ZNF572
ZNF449ZNF558ENCFF537WRB:missed_target=KLF17|chr1:44584522-44600812, target=ZNF524
ENCFF537WRB:missed_target=ZBTB7A|chr19:4043302-4066943, target=ZNF524
KLF17|ZBTB7A|ZNF524ZNF670ENCFF233WJS:missed_target=EBF4|chr20:2673524-2740754, target=FOSB
ENCFF233WJS:missed_target=EBF4|chr20:2673524-2740754, target=FOSB
ENCFF233WJS:missed_target=chr2:89497001-89498001, target=FOSB
ENCFF233WJS:missed_target=ZNF285|chr19:44889808-44905777, target=FOSB
FOSB|EBF4|EBF4|chr2:89497001-89498001|ZNF285ZNF701ENCFF481UQC:missed_target=ZBTB2|chr6:151685250-151712835, target=ZEB2
ZEB2|ZBTB2ENCFF237ACY:missed_target=MBTPS2|chrX:21857656-21903541, target=YY2
YY2|MBTPS2KLF7ZNF76GLI4ZBTB33ZNF8SP2ENCFF707AMG:missed_target=chr6:123491001-123492001, target=ZSCAN21
ZSCAN21|chr6:123491001-123492001ZNF507ATOH8|ATOH8PATZ1ZSCAN4ZNF837ZNF140MYNNENCFF742XIJ:missed_target=chr19:56717001-56718001, target=ZSCAN5C
chr19:56717001-56718001ZNF266ZNF274SALL1ZNF26ENCFF790RTP:missed_target=ZSCAN9|chr6:28193029-28201265, target=ZNF493
ZSCAN9ARID4B|ARID4BENCFF625ODB:missed_target=chr21:47450001-47451001, target=ZNF174
ENCFF625ODB:missed_target=chr8:8359001-8360001, target=ZNF174
ENCFF625ODB:missed_target=chr19:20411001-20412001, target=ZNF174
ZNF174|ZNF174|chr21:47450001-47451001|chr8:8359001-8360001|chr19:20411001-20412001ENCFF907VAK:missed_target=chr18:45277001-45278001, target=RREB1
ENCFF907VAK:missed_target=HOXB13|chr17:46802125-46806111, target=RREB1
ENCFF907VAK:missed_target=BTK|chrX:100604435-100645784, target=RREB1
ENCFF907VAK:missed_target=IPO5|chr13:98605929-98676550, target=RREB1
RREB1|RREB1|chr18:45277001-45278001|HOXB13|BTK|IPO5ENCFF486JTI:missed_target=PGK1|chrX:77359666-77382324, target=ZBTB12
PGK1ENCFF249HAL:missed_target=chr11:93208001-93209001, target=ARID3B
ARID3B|ARID3B|chr11:93208001-93209001ENCFF460WUI:missed_target=TBX19|chr1:168250278-168283664, target=ZNF114
ZNF114|ZNF114|TBX19ENCFF679HEE:missed_target=AARS|chr16:70286297-70323412, target=ZNF133
ENCFF679HEE:missed_target=DOCK4|chr7:111366164-111846462, target=ZNF133
ZNF133|AARS|DOCK4ENCFF167QBT:missed_target=E2F1|chr20:32263292-32274210, target=ZNF169
ZNF169|E2F1ENCFF937ADB:missed_target=ZNF165|chr6:28048482-28057341, target=ZNF223
ZNF165ENCFF064JPG:missed_target=HOXB13|chr17:46802125-46806111, target=FOXS1
ENCFF064JPG:missed_target=HOXB13|chr17:46802125-46806111, target=FOXS1
ENCFF064JPG:missed_target=EHF|chr11:34642588-34684835, target=FOXS1
ENCFF064JPG:missed_target=HOXB5|chr17:46668619-46671103, target=FOXS1
ENCFF064JPG:missed_target=HOXB5|chr17:46668619-46671103, target=FOXS1
ENCFF064JPG:missed_target=HOXA13|chr7:27236499-27239725, target=FOXS1
ENCFF064JPG:missed_target=HOXA13|chr7:27236499-27239725, target=FOXS1
ENCFF064JPG:missed_target=ZNF70|chr22:24083771-24093279, target=FOXS1
ENCFF064JPG:missed_target=TBX18|chr6:85442214-85473954, target=FOXS1
HOXB13|HOXB13|FOXS1|EHF|FOXS1|HOXB5|HOXB5|HOXA13|HOXA13|ZNF70|TBX18ENCFF420IMD:missed_target=HOXA13|chr7:27236499-27239725, target=NR5A2
ENCFF420IMD:missed_target=HOXA13|chr7:27236499-27239725, target=NR5A2
ENCFF420IMD:missed_target=HOXB13|chr17:46802125-46806111, target=NR5A2
HOXA13|NR5A2|HOXA13|HOXB13|NR5A2ENCFF749ILR:missed_target=HOXA13|chr7:27236499-27239725, target=CSDC2
ENCFF749ILR:missed_target=HOXA13|chr7:27236499-27239725, target=CSDC2
ENCFF749ILR:missed_target=HOXB5|chr17:46668619-46671103, target=CSDC2
ENCFF749ILR:missed_target=HOXB13|chr17:46802125-46806111, target=CSDC2
ENCFF749ILR:missed_target=HOXB5|chr17:46668619-46671103, target=CSDC2
ENCFF749ILR:missed_target=EHF|chr11:34642588-34684835, target=CSDC2
ENCFF749ILR:missed_target=EHF|chr11:34642588-34684835, target=CSDC2
ENCFF749ILR:missed_target=chr1:242999001-243000001, target=CSDC2
ENCFF749ILR:missed_target=chr6:130074001-130075001, target=CSDC2
ENCFF749ILR:missed_target=FOXS1|chr20:30432103-30433420, target=CSDC2
ENCFF749ILR:missed_target=HOXB13|chr17:46802125-46806111, target=CSDC2
ENCFF749ILR:missed_target=FOXF2|chr6:1390069-1395832, target=CSDC2
ENCFF749ILR:missed_target=BNC2|chr9:16409501-16870786, target=CSDC2
HOXA13|HOXA13|HOXB5|HOXB13|HOXB5|EHF|EHF|chr1:242999001-243000001|chr6:130074001-130075001|FOXS1|HOXB13|FOXF2|CSDC2|BNC2TCF15ENCFF726UNZ:missed_target=MTF1|chr1:38275239-38325292, target=ZNF449
ENCFF726UNZ:missed_target=XPO1|chr2:61705069-61765418, target=ZNF449
MTF1|XPO1ENCFF345HNZ:missed_target=HOXA13|chr7:27236499-27239725, target=ZNF398
ENCFF345HNZ:missed_target=HOXA13|chr7:27236499-27239725, target=ZNF398
ZNF398|ZNF398|HOXA13|HOXA13ENCFF744CEJ:missed_target=HOXB13|chr17:46802125-46806111, target=ZNF169
ENCFF744CEJ:missed_target=HOXB13|chr17:46802125-46806111, target=ZNF169
ENCFF744CEJ:missed_target=FOXS1|chr20:30432103-30433420, target=ZNF169
ENCFF744CEJ:missed_target=HOXA13|chr7:27236499-27239725, target=ZNF169
ENCFF744CEJ:missed_target=EHF|chr11:34642588-34684835, target=ZNF169
ZNF169|HOXB13|HOXB13|FOXS1|HOXA13|EHF|ZNF169ZNF445|ZNF445ZNF213CREB5ENCFF604CHB:missed_target=HOXA13|chr7:27236499-27239725, target=ZNF239
ENCFF604CHB:missed_target=HOXA13|chr7:27236499-27239725, target=ZNF239
ENCFF604CHB:missed_target=chr2:33141001-33142001, target=ZNF239
HOXA13|HOXA13|ZNF239|chr2:33141001-33142001PRDM1ENCFF978SCH:missed_target=HOXA13|chr7:27236499-27239725, target=ZNF239
ENCFF978SCH:missed_target=HOXA13|chr7:27236499-27239725, target=ZNF239
ENCFF978SCH:missed_target=PPP1R12C|chr19:55602281-55628968, target=ZNF239
HOXA13|HOXA13|ZNF239|ZNF239|PPP1R12CENCFF593STX:missed_target=HOXA13|chr7:27236499-27239725, target=ZFP30
ENCFF593STX:missed_target=HOXA13|chr7:27236499-27239725, target=ZFP30
ENCFF593STX:missed_target=HOXB13|chr17:46802125-46806111, target=ZFP30
ENCFF593STX:missed_target=OPALIN|chr10:98102973-98119122, target=ZFP30
ENCFF593STX:missed_target=BNC2|chr9:16409501-16870786, target=ZFP30
ENCFF593STX:missed_target=BNC2|chr9:16409501-16870786, target=ZFP30
HOXA13|HOXA13|HOXB13|ZFP30|OPALIN|BNC2|BNC2ZNF174|ZNF174ZNF165|ZNF165|ZNF165-CtermENCFF723PIC:missed_target=HOXA13|chr7:27236499-27239725, target=ZNF408
ENCFF723PIC:missed_target=DESI1|chr22:41994032-42017061, target=ZNF408
ENCFF723PIC:missed_target=HOXA13|chr7:27236499-27239725, target=ZNF408
ENCFF723PIC:missed_target=ZNF165|chr6:28048482-28057341, target=ZNF408
HOXA13|ZNF408-Cterm|ZNF408|DESI1|HOXA13|ZNF165ENCFF462QOO:missed_target=HOXA13|chr7:27236499-27239725, target=GMEB1
ENCFF462QOO:missed_target=FKBP1B|chr2:24272571-24286551, target=GMEB1
GMEB1|GMEB1|HOXA13|FKBP1BZNF507|ZNF507ENCFF996GUT:missed_target=HOXA13|chr7:27236499-27239725, target=ZNF398
ENCFF996GUT:missed_target=chr7:49190001-49191001, target=ZNF398
ENCFF996GUT:missed_target=HOXA13|chr7:27236499-27239725, target=ZNF398
ZNF398|ZNF398|HOXA13|chr7:49190001-49191001|HOXA13ENCFF585DKE:missed_target=MTF1|chr1:38275239-38325292, target=TCF15
TCF15|TCF15|MTF1ENCFF883VSC:missed_target=HOXA13|chr7:27236499-27239725, target=KLF6
KLF6|KLF6|HOXA13FOXS1ENCFF199ZYE:missed_target=UBE2D2|chr5:138940751-139008019, target=SHOX2
SHOX2|SHOX2|UBE2D2ENCFF072VPG:missed_target=HOXA13|chr7:27236499-27239725, target=GMEB1
ENCFF072VPG:missed_target=HOXA13|chr7:27236499-27239725, target=GMEB1
HOXA13|HOXA13|GMEB1ENCFF587RVO:missed_target=HOXA13|chr7:27236499-27239725, target=ZNF707
ENCFF587RVO:missed_target=HOXA13|chr7:27236499-27239725, target=ZNF707
HOXA13|HOXA13|ZNF707|ZNF707ZNF174|ZNF174CXXC5|CXXC5ZNF707|ZNF707ZNF335ENCFF995DOZ:missed_target=HOXA13|chr7:27236499-27239725, target=TBX18
ENCFF995DOZ:missed_target=chr17:43095001-43096001, target=TBX18
ENCFF995DOZ:missed_target=chr20:50648001-50649001, target=TBX18
ENCFF995DOZ:missed_target=HOXA13|chr7:27236499-27239725, target=TBX18
ENCFF995DOZ:missed_target=RPLP0|chr12:120634503-120639014, target=TBX18
TBX18|TBX18|HOXA13|chr17:43095001-43096001|chr20:50648001-50649001|HOXA13|RPLP0CREB5ENCFF513ADU:missed_target=HOXA13|chr7:27236499-27239725, target=ZNF165
ENCFF513ADU:missed_target=HOXA13|chr7:27236499-27239725, target=ZNF165
ENCFF513ADU:missed_target=SPAG17|chr1:118496288-118727848, target=ZNF165
ZNF165|HOXA13|ZNF165-Cterm|HOXA13|SPAG17ENCFF682WTO:missed_target=TUBGCP2-Promoter|chr10:135125841-135126841, target=ZNF511
ENCFF682WTO:missed_target=TUBGCP2-Promoter|chr10:135125841-135126841, target=ZNF511
TUBGCP2-Promoter|TUBGCP2-Promoter|ZNF511|ZNF511ENCFF275QVQ:missed_target=CSDC2|chr22:41957014-41972670, target=MTF1
ENCFF275QVQ:missed_target=DNAH1|chr3:52350335-52434513, target=MTF1
MTF1|CSDC2|MTF1|DNAH1PBX1|PBX1ENCFF379SKH:missed_target=chr8:130500001-130501001, target=NFIX
chr8:130500001-130501001|NFIXENCFF032EJV:missed_target=HOXB13|chr17:46802125-46806111, target=ZNF707
ENCFF032EJV:missed_target=HOXA13|chr7:27236499-27239725, target=ZNF707
ZNF707|HOXB13|ZNF707|HOXA13ENCFF774LWV:missed_target=CSDC2|chr22:41957014-41972670, target=ZNF354C
ZNF354C|CSDC2ZNF518AYY1ENCFF706OYX:missed_target=chr12:79894001-79895001, target=ZNF680
chr12:79894001-79895001ENCFF369REJ:missed_target=ZNF223|chr19:44556164-44572147, target=ZNF71
ENCFF369REJ:missed_target=chr1:226968001-226969001, target=ZNF71
ZNF223|chr1:226968001-226969001|ZNF71ZNF444ZNF354CENCFF018TBF:missed_target=EGR2|chr10:64571756-64578927, target=IKZF2
EGR2AEBP2CEBPG|CEBPGENCFF224SOH:missed_target=chr1:212721001-212722001, target=ATF3
ENCFF224SOH:missed_target=chr13:110317001-110318001, target=ATF3
ATF3|ATF3|chr1:212721001-212722001|chr13:110317001-110318001ENCFF317VCZ:missed_target=chrX:13223001-13224001, target=ZNF639
ZNF639|chrX:13223001-13224001ENCFF392MVW:missed_target=chr8:126469001-126470001, target=CEBPG
ENCFF392MVW:missed_target=chr9:118778001-118779001, target=CEBPG
ENCFF392MVW:missed_target=IL1RL2|chr2:102803433-102855811, target=CEBPG
ENCFF392MVW:missed_target=ITGAV|chr2:187454790-187545629, target=CEBPG
CEBPG|CEBPG|chr8:126469001-126470001|chr9:118778001-118779001|IL1RL2|ITGAVZNF547POLR2H-Cterm|POLR2H|POLR2HENCFF053VHO:missed_target=CSDC2|chr22:41957014-41972670, target=PPARA
ENCFF053VHO:missed_target=CSDC2|chr22:41957014-41972670, target=PPARA
ENCFF053VHO:missed_target=ZNF354B|chr5:178286954-178311424, target=PPARA
ENCFF053VHO:missed_target=ZNF536|chr19:30863300-31048966, target=PPARA
PPARA|CSDC2|CSDC2|ZNF354B|PPARA|ZNF536ENCFF606DVM:missed_target=CSDC2|chr22:41957014-41972670, target=ZNF354B
CSDC2|ZNF354B|ZNF354BZNF397|ZNF397ENCFF774IKE:missed_target=CGGBP1|chr3:88101100-88199016, target=ZNF654
ZNF654|CGGBP1ENCFF110KHM:missed_target=CCDC77|chr12:498516-551808, target=PRDM1
PRDM1|CCDC77PRDM10ZNF132ZBTB1ZNF776EGR2ENCFF093AOC:missed_target=chr14:29645001-29646001, target=ZSCAN16
ZSCAN16|chr14:29645001-29646001ENCFF961ATG:missed_target=chrX:112893001-112894001, target=ZNF134
ZNF134|chrX:112893001-112894001|ZNF134ZNF707ZNF346ENCFF696BLE:missed_target=LAMA2|chr6:129204286-129837711, target=SALL1
SALL1|LAMA2ZNF239BNC2|BNC2ZNF692HOMEZ|HOMEZENCFF423HTT:missed_target=HOXA13|chr7:27236499-27239725, target=ARID4B
ENCFF423HTT:missed_target=HOXA13|chr7:27236499-27239725, target=ARID4B
HOXA13|HOXA13|ARID4B|ARID4BENCFF767NQA:missed_target=HOXA13|chr7:27236499-27239725, target=HOMEZ
ENCFF767NQA:missed_target=HOXA13|chr7:27236499-27239725, target=HOMEZ
ENCFF767NQA:missed_target=chr20:6691001-6692001, target=HOMEZ
HOMEZ|HOXA13|HOMEZ|HOXA13|chr20:6691001-6692001ENCFF636PUJ:missed_target=HOXA13|chr7:27236499-27239725, target=TFAP2C
ENCFF636PUJ:missed_target=HOXA13|chr7:27236499-27239725, target=TFAP2C
ENCFF636PUJ:missed_target=NR4A2|chr2:157180944-157189287, target=TFAP2C
ENCFF636PUJ:missed_target=MSC|chr8:72753777-72756731, target=TFAP2C
ENCFF636PUJ:missed_target=NR4A2|chr2:157180944-157189287, target=TFAP2C
ENCFF636PUJ:missed_target=EHF|chr11:34642588-34684835, target=TFAP2C
HOXA13|HOXA13|NR4A2|MSC|NR4A2|EHFENCFF080GFO:missed_target=ENOX2|chrX:129757353-130037291, target=NFIX
ENCFF080GFO:missed_target=ZNF79|chr9:130186653-130207651, target=NFIX
NFIX|NFIX|ENOX2|ZNF79PATZ1|PATZ1ENCFF700ORL:missed_target=ZSCAN32-Promoter|chr16:3451065-3452065, target=ZNF174
ZNF174|ZSCAN32-PromoterENCFF783BKL:missed_target=ZSCAN32-Promoter|chr16:3451065-3452065, target=ZNF174
ZNF174|ZSCAN32-PromoterENCFF337DOV:missed_target=chr17:26534001-26535001, target=CLOCK
ENCFF337DOV:missed_target=HOXA13|chr7:27236499-27239725, target=CLOCK
CLOCK|CLOCK|chr17:26534001-26535001|HOXA13ENCFF379OZY:missed_target=HOXA13|chr7:27236499-27239725, target=ZNF311
ENCFF379OZY:missed_target=HOXB13|chr17:46802125-46806111, target=ZNF311
ZNF311-Cterm|HOXA13|HOXB13|ZNF311FOXF2ZNF655ENCFF427VGU:missed_target=HOXA13|chr7:27236499-27239725, target=FOXF2
ENCFF427VGU:missed_target=HOXA13|chr7:27236499-27239725, target=FOXF2
ENCFF427VGU:missed_target=HOXB13|chr17:46802125-46806111, target=FOXF2
ENCFF427VGU:missed_target=FOXS1|chr20:30432103-30433420, target=FOXF2
ENCFF427VGU:missed_target=HOXB5|chr17:46668619-46671103, target=FOXF2
ENCFF427VGU:missed_target=EHF|chr11:34642588-34684835, target=FOXF2
ENCFF427VGU:missed_target=HOXB13|chr17:46802125-46806111, target=FOXF2
ENCFF427VGU:missed_target=EHF|chr11:34642588-34684835, target=FOXF2
HOXA13|HOXA13|HOXB13|FOXF2|FOXF2|FOXS1|HOXB5|EHF|HOXB13|EHFTFAP2B|TFAP2BHIVEP1|HIVEP1ENCFF581YGY:missed_target=chr10:63401001-63402001, target=ZNF77
ZNF77|chr10:63401001-63402001|ZNF77ZKSCAN3|ZKSCAN3ZIK1ENCFF998QDV:missed_target=PTGFRN|chr1:117452545-117532980, target=SALL2
SALL2|PTGFRNENCFF434LJC:missed_target=ZFHX4|chr8:77593515-77779521, target=BNC2
BNC2|BNC2|ZFHX4ZNF529HEY1|HEY1ENCFF916KAQ:missed_target=DLX4|chr17:48046562-48052323, target=ESRRG
ENCFF916KAQ:missed_target=DLX4|chr17:48046562-48052323, target=ESRRG
DLX4|DLX4SPDEFZNF77SP2ZNF423ENCFF410PMB:missed_target=SYN3|chr22:32908539-33454377, target=ZNF662
ZNF662|SYN3ZNF248ZNF624ZNF426KLF7ZNF146ENCFF256EWC:missed_target=ZNF540|chr19:38042273-38105080, target=ZNF571
ZNF571|ZNF540HOXA7|HOXA7ZNF624ENCFF234XIN:missed_target=chr21:28807001-28808001, target=ZSCAN26
ZSCAN26|chr21:28807001-28808001ENCFF226BLN:missed_target=ZNF540|chr19:38042273-38105080, target=ZNF571
ZNF571|ZNF540ZBTB8AZBTB8AZNF195ZNF776ENCFF307UJX:missed_target=CBX1|chr17:46147414-46178883, target=NFE2L1
NFE2L1|NFE2L1|CBX1ZNF112SP7ZFP37ZNF134ENCFF119JEY:missed_target=HOXA7|chr7:27193335-27196296, target=BNC2
BNC2|HOXA7ZNF134ZNF214ENCFF658SXW:missed_target=chr15:84032001-84033001, target=NR5A2
ENCFF658SXW:missed_target=chr3:165065001-165066001, target=NR5A2
ENCFF658SXW:missed_target=HOXA13|chr7:27236499-27239725, target=NR5A2
ENCFF658SXW:missed_target=HOXA13|chr7:27236499-27239725, target=NR5A2
NR5A2|chr15:84032001-84033001|chr3:165065001-165066001|HOXA13|HOXA13EHFHOXA7ZFP30ENCFF297NBH:missed_target=HOXA13|chr7:27236499-27239725, target=E2F3
ENCFF297NBH:missed_target=chr17:33818001-33819001, target=E2F3
E2F3|HOXA13|E2F3|chr17:33818001-33819001PATZ1|PATZ1KLF6|KLF6ENCFF086MUV:missed_target=chr1:72963001-72964001, target=ZNF165
ZNF165-Cterm|ZNF165|ZNF165|chr1:72963001-72964001ZNF507ZNF239|ZNF239HOMEZ|HOMEZZNF18ENCFF558LMK:missed_target=chr1:81315001-81316001, target=ZSCAN21
ZSCAN21|chr1:81315001-81316001ZNF23ENCFF524QHI:missed_target=ZNF324|chr19:58978412-58984945, target=ZNF23
ZNF324|ZNF23ENCFF860BLA:missed_target=ZNF70|chr22:24083771-24093279, target=ZNF324
ENCFF860BLA:missed_target=SEPT14|chr7:55861237-55930482, target=ZNF324
ZNF324|ZNF324|ZNF70|SEPT14ENCFF462BGX:missed_target=HOXA13|chr7:27236499-27239725, target=FOXS1
ENCFF462BGX:missed_target=HOXB13|chr17:46802125-46806111, target=FOXS1
ENCFF462BGX:missed_target=HOXB5|chr17:46668619-46671103, target=FOXS1
ENCFF462BGX:missed_target=HOXB5|chr17:46668619-46671103, target=FOXS1
ENCFF462BGX:missed_target=EHF|chr11:34642588-34684835, target=FOXS1
ENCFF462BGX:missed_target=ITGAM|chr16:31271288-31344213, target=FOXS1
HOXA13|HOXB13|HOXB5|HOXB5|EHF|ITGAMENCFF984DHU:missed_target=EBF4|chr20:2673524-2740754, target=FOSB
ENCFF984DHU:missed_target=HOXA7|chr7:27193335-27196296, target=FOSB
ENCFF984DHU:missed_target=EBF4|chr20:2673524-2740754, target=FOSB
ENCFF984DHU:missed_target=TOX|chr8:59717977-60031767, target=FOSB
FOSB|EBF4|HOXA7|EBF4|TOXFOSB|FOSBZNF280DENCFF077JQK:missed_target=HOXB5|chr17:46668619-46671103, target=TSHZ2
ENCFF077JQK:missed_target=HOXA13|chr7:27236499-27239725, target=TSHZ2
ENCFF077JQK:missed_target=EHF|chr11:34642588-34684835, target=TSHZ2
HOXB5|HOXA13|EHFZNF394ENCFF607RXB:missed_target=ZNF277|chr7:111846643-111983989, target=ZNF740
ENCFF607RXB:missed_target=ZNF277|chr7:111846643-111983989, target=ZNF740
ZNF277|ZNF277ZNF324ENCFF853ZLC:missed_target=chrX:116741001-116742001, target=ZNF580
chrX:116741001-116742001|ZNF580ZNF610ZNF2ENCFF306MYT:missed_target=ZNF354B|chr5:178286954-178311424, target=ZNF507
ENCFF306MYT:missed_target=ZNF354B-Cterm|chr5:178311424-178312424, target=ZNF507
ENCFF306MYT:missed_target=ZNF354B|chr5:178286954-178311424, target=ZNF507
ENCFF306MYT:missed_target=chrX:24365001-24366001, target=ZNF507
ENCFF306MYT:missed_target=chr2:33141001-33142001, target=ZNF507
ENCFF306MYT:missed_target=chr7:41653001-41654001, target=ZNF507
ZNF354B|ZNF354B-Cterm|ZNF354B|chrX:24365001-24366001|chr2:33141001-33142001|chr7:41653001-41654001ZNF518AENCFF953WVU:missed_target=IDH2|chr15:90627210-90645786, target=CEBPG
ENCFF953WVU:missed_target=chr8:65295001-65296001, target=CEBPG
ENCFF953WVU:missed_target=chr19:33796001-33797001, target=CEBPG
ENCFF953WVU:missed_target=chr19:28964001-28965001, target=CEBPG
ENCFF953WVU:missed_target=MYO18B|chr22:26138111-26427007, target=CEBPG
CEBPG|CEBPG|IDH2|chr8:65295001-65296001|chr19:33796001-33797001|chr19:28964001-28965001|MYO18BZNF507|ZNF507ZNF34ZNF621ZNF621BCL6BZNF37AKLF10|KLF10ZNF184ENCFF199DAD:missed_target=GBA2-Cterm|chr9:35735859-35736859, target=CREB3
ENCFF199DAD:missed_target=GBA2|chr9:35736859-35749233, target=CREB3
ENCFF199DAD:missed_target=GBA2-Cterm|chr9:35735859-35736859, target=CREB3
ENCFF199DAD:missed_target=AK6|chr5:68647553-68665840, target=CREB3
ENCFF199DAD:missed_target=CA9|chr9:35673915-35681156, target=CREB3
CREB3|GBA2-Cterm|GBA2|CREB3|GBA2-Cterm|AK6|CA9ENCFF994DFN:missed_target=ELK1|chrX:47494919-47510003, target=KLF1
ENCFF994DFN:missed_target=ELK1|chrX:47494919-47510003, target=KLF1
ENCFF994DFN:missed_target=chr19:38735001-38736001, target=KLF1
KLF1|KLF1|ELK1|ELK1|chr19:38735001-38736001ENCFF942FDD:missed_target=ELK1|chrX:47494919-47510003, target=KLF1
ENCFF942FDD:missed_target=chr13:107615001-107616001, target=KLF1
ENCFF942FDD:missed_target=chrX:47535001-47536001, target=KLF1
ENCFF942FDD:missed_target=ELK1|chrX:47494919-47510003, target=KLF1
KLF1|KLF1|ELK1|chr13:107615001-107616001|chrX:47535001-47536001|ELK1TAF7|TAF7PTTG1-Cterm|PTTG1DDX20|DDX20ENCFF698OMK:missed_target=TMLHE|chrX:154718672-154842622, target=ATF1
ATF1|ATF1|ATF1|TMLHEENCFF823MCH:missed_target=TAF10-Cterm|chr11:6631048-6632048, target=ILK
ENCFF823MCH:missed_target=TAF10-Cterm|chr11:6631048-6632048, target=ILK
ENCFF823MCH:missed_target=chr2:161952001-161953001, target=ILK
ENCFF823MCH:missed_target=chrX:34232001-34233001, target=ILK
ENCFF823MCH:missed_target=TAF10|chr11:6632048-6633475, target=ILK
ENCFF823MCH:missed_target=SMAD2|chr18:45359466-45457517, target=ILK
TAF10-Cterm|ILK|TAF10-Cterm|ILK|chr2:161952001-161953001|chrX:34232001-34233001|TAF10|SMAD2MAFG|MAFGENCFF333MEA:missed_target=chr9:132490001-132491001, target=ZNF596
ENCFF333MEA:missed_target=HOXB13|chr17:46802125-46806111, target=ZNF596
ENCFF333MEA:missed_target=FOXF2|chr6:1390069-1395832, target=ZNF596
ENCFF333MEA:missed_target=FARP1|chr13:98794816-99102027, target=ZNF596
ENCFF333MEA:missed_target=ZNF212|chr7:148936742-148952700, target=ZNF596
chr9:132490001-132491001|HOXB13|FOXF2|FARP1|ZNF212DIDO1|DIDO1ENCFF683HBT:missed_target=chr2:229707001-229708001, target=BCL6B
BCL6B|chr2:229707001-229708001ENCFF542CMJ:missed_target=NR4A1|chr12:52416616-52453291, target=ID3
ENCFF542CMJ:missed_target=NR4A1|chr12:52416616-52453291, target=ID3
ENCFF542CMJ:missed_target=chr12:52455001-52456001, target=ID3
ENCFF542CMJ:missed_target=NR4A1|chr12:52416616-52453291, target=ID3
ENCFF542CMJ:missed_target=chr4:172492001-172493001, target=ID3
ENCFF542CMJ:missed_target=chr2:33141001-33142001, target=ID3
ENCFF542CMJ:missed_target=chr12:52454292-52455001, target=ID3
ENCFF542CMJ:missed_target=NR4A1-Promoter|chr12:52415616-52416616, target=ID3
ENCFF542CMJ:missed_target=chr8:96436001-96437001, target=ID3
ENCFF542CMJ:missed_target=chr12:52329001-52330001, target=ID3
ENCFF542CMJ:missed_target=chr7:125480001-125481001, target=ID3
ENCFF542CMJ:missed_target=chr16:11735001-11736001, target=ID3
ENCFF542CMJ:missed_target=MPL-Cterm|chr1:43820135-43821135, target=ID3
ENCFF542CMJ:missed_target=chr2:33141001-33142001, target=ID3
ENCFF542CMJ:missed_target=chr12:52395001-52396001, target=ID3
ENCFF542CMJ:missed_target=chr12:52332001-52333001, target=ID3
NR4A1|NR4A1|chr12:52455001-52456001|NR4A1|chr4:172492001-172493001|chr2:33141001-33142001|chr12:52454292-52455001|NR4A1-Promoter|chr8:96436001-96437001|chr12:52329001-52330001|chr7:125480001-125481001|chr16:11735001-11736001|MPL-Cterm|chr2:33141001-33142001|chr12:52395001-52396001|chr12:52332001-52333001|ID3ENCFF717YHU:missed_target=CD37-Cterm|chr19:49843863-49844863, target=TEAD2
ENCFF717YHU:missed_target=chr10:47059001-47060001, target=TEAD2
ENCFF717YHU:missed_target=CD37-Cterm|chr19:49843863-49844863, target=TEAD2
ENCFF717YHU:missed_target=chr9:38227001-38228001, target=TEAD2
ENCFF717YHU:missed_target=chr4:105964001-105965001, target=TEAD2
CD37-Cterm|chr10:47059001-47060001|CD37-Cterm|chr9:38227001-38228001|chr4:105964001-105965001|TEAD2|TEAD2ENCFF493AAY:missed_target=KLF1|chr19:12995236-12998017, target=HDAC8
ENCFF493AAY:missed_target=chr2:17548001-17549001, target=HDAC8
ENCFF493AAY:missed_target=chr10:132340001-132341001, target=HDAC8
HDAC8|HDAC8|KLF1|chr2:17548001-17549001|chr10:132340001-132341001ENCFF268FKS:missed_target=MBTPS2|chrX:21857656-21903541, target=YY2
YY2|MBTPS2ENCFF569UHH:missed_target=KLF13|chr15:31619058-31727868, target=ZNF843
ZNF843|KLF13ENCFF381EMJ:missed_target=HAND2|chr4:174447652-174451378, target=ZNF800
HAND2ZNF692MYNNENCFF755CGW:missed_target=ZKSCAN8|chr6:28109688-28127250, target=ZNF792
ZKSCAN8ZNF658SP3ZNF202ZNF704ENCFF620OZQ:missed_target=TAS1R1-Cterm|chr1:6639817-6640817, target=ZBTB48
ZBTB48|TAS1R1-CtermZNF433ZNF747ENCFF962YIK:missed_target=EGR2|chr10:64571756-64578927, target=ZFHX2
ENCFF962YIK:missed_target=YY2|chrX:21874105-21876845, target=ZFHX2
ENCFF962YIK:missed_target=MBTPS2|chrX:21857656-21903541, target=ZFHX2
EGR2|YY2|MBTPS2ZNF791ZNF514ZNF548ZNF530ZNF707ZBTB1ZNF645ENCFF365YXG:missed_target=TAS1R1-Cterm|chr1:6639817-6640817, target=ZBTB48
ENCFF365YXG:missed_target=chr19:41374001-41375001, target=ZBTB48
ZBTB48|TAS1R1-Cterm|chr19:41374001-41375001ENCFF497JNW:missed_target=HIST1H1E|chr6:26156559-26157343, target=ATF3
ENCFF497JNW:missed_target=chr1:212661001-212662001, target=ATF3
ATF3|ATF3|HIST1H1E|chr1:212661001-212662001ENCFF554XIX:missed_target=ZNF277|chr7:111846643-111983989, target=ZNF740
ENCFF554XIX:missed_target=ZNF277|chr7:111846643-111983989, target=ZNF740
ENCFF554XIX:missed_target=GTF2A2|chr15:59930261-59949740, target=ZNF740
ZNF277|ZNF277|GTF2A2ZNF664|ZNF664-RFLNAZNF639ENCFF549SRV:missed_target=CGGBP1|chr3:88101100-88199016, target=ZNF654
ZNF654|CGGBP1ZNF514ENCFF458QHC:missed_target=NPM2|chr8:21881621-21894408, target=ZNF32
NPM2KLF14ZNF280CATF2PRDM10ENCFF642NHF:missed_target=chr10:37353001-37354001, target=PRDM12
chr10:37353001-37354001ENCFF095AFX:missed_target=ZBTB14|chr18:5289018-5297052, target=ZBTB26
ENCFF095AFX:missed_target=RGS9BP-Promoter|chr19:33165313-33166313, target=ZBTB26
ENCFF095AFX:missed_target=ANKRD27|chr19:33087907-33166102, target=ZBTB26
ZBTB14|RGS9BP-Promoter|ANKRD27ZNF26ZBTB1GLIS1ZNF211ZNF23ZSCAN5AZNF280DZNF423ZXDBZNF155ENCFF112XWZ:missed_target=SCHIP1|chr3:158991036-159615155, target=INSM2
SCHIP1KLF9RESTZFP41ZNF211ZNF157ZSCAN16ENCFF108NAI:missed_target=E2F1|chr20:32263292-32274210, target=RBAK
E2F1ZNF791ZNF704ZIC2ENCFF960ZID:missed_target=chr1:199460001-199461001, target=NR2C1
ENCFF960ZID:missed_target=chr17:45872001-45873001, target=NR2C1
NR2C1|NR2C1|chr1:199460001-199461001|chr17:45872001-45873001ZNF433NR2C1|NR2C1ENCFF870HXJ:missed_target=chr6:160928001-160929001, target=CDT1
chr6:160928001-160929001MEF2D|MEF2DETS2|ETS2ENCFF483AVN:missed_target=ZNF277|chr7:111846643-111983989, target=GTF2A2
GTF2A2|GTF2A2|ZNF277ENCFF703DNA:missed_target=chr16:89077001-89078001, target=MEF2D
ENCFF703DNA:missed_target=PAPSS2|chr10:89419476-89507462, target=MEF2D
MEF2D|MEF2D|chr16:89077001-89078001|PAPSS2SP2ENCFF147LKM:missed_target=TSHZ2|chr20:51588946-52111869, target=TSHZ1
TSHZ2RESTENCFF575OHK:missed_target=SLC6A17|chr1:110693136-110744824, target=CDT1
SLC6A17ENCFF123LEB:missed_target=chr5:41958001-41959001, target=ZNF512
ENCFF123LEB:missed_target=chr21:47512001-47513001, target=ZNF512
ENCFF123LEB:missed_target=NR1D2|chr3:23986751-24022109, target=ZNF512
ENCFF123LEB:missed_target=NR1D2|chr3:23986751-24022109, target=ZNF512
ZNF512|ZNF512|chr5:41958001-41959001|chr21:47512001-47513001|NR1D2|NR1D2GLIS2KLF16ENCFF204KOO:missed_target=ZFP64|chr20:50700550-50808524, target=ZBTB20
ZFP64ENCFF234GIA:missed_target=EEF1A1|chr6:74225473-74230755, target=SP7
SP7|EEF1A1ENCFF572AYV:missed_target=chr2:33141001-33142001, target=ZNF366
ZNF366|chr2:33141001-33142001ZNF19ENCFF512LPA:missed_target=ZNF526|chr19:42724423-42731205, target=ZFP37
ZFP37|ZNF526ENCFF849AAG:missed_target=ZNF675|chr19:23835708-23870017, target=ZNF585B
ZNF675ENCFF658VPO:missed_target=ZNF675|chr19:23835708-23870017, target=ZNF585B
ZNF675ENCFF406XFM:missed_target=ZNF277|chr7:111846643-111983989, target=ZNF740
ENCFF406XFM:missed_target=ZNF277|chr7:111846643-111983989, target=ZNF740
ENCFF406XFM:missed_target=GTF2A2|chr15:59930261-59949740, target=ZNF740
ENCFF406XFM:missed_target=chr18:68674001-68675001, target=ZNF740
ENCFF406XFM:missed_target=chr15:72888001-72889001, target=ZNF740
ENCFF406XFM:missed_target=chr1:81892001-81893001, target=ZNF740
ENCFF406XFM:missed_target=GTF2A2|chr15:59930261-59949740, target=ZNF740
ENCFF406XFM:missed_target=VAPA|chr18:9913955-9960018, target=ZNF740
ENCFF406XFM:missed_target=C16orf52|chr16:22019456-22095975, target=ZNF740
ENCFF406XFM:missed_target=GREM2|chr1:240652873-240775462, target=ZNF740
ZNF277|ZNF277|GTF2A2|chr18:68674001-68675001|chr15:72888001-72889001|chr1:81892001-81893001|GTF2A2|VAPA|C16orf52|GREM2REPIN1PRDM12ZNF416ENCFF259UGP:missed_target=NR4A2|chr2:157180944-157189287, target=BNC2
NR4A2|BNC2|BNC2ENCFF649AAY:missed_target=HOXA13|chr7:27236499-27239725, target=ZNF215
ENCFF649AAY:missed_target=HOXA13|chr7:27236499-27239725, target=ZNF215
ZNF215|ZNF215|HOXA13|HOXA13ENCFF689QKM:missed_target=HOXA13|chr7:27236499-27239725, target=ZNF785
ENCFF689QKM:missed_target=CXXC5|chr5:139026884-139063470, target=ZNF785
ZNF785|HOXA13|ZNF785|CXXC5ENCFF004RTV:missed_target=HOXA13|chr7:27236499-27239725, target=ZKSCAN3
ZKSCAN3|ZKSCAN3|HOXA13ESRRBSPDEF|SPDEFENCFF557OYZ:missed_target=HOXA13|chr7:27236499-27239725, target=ZNF583
ENCFF557OYZ:missed_target=chr2:232416001-232417001, target=ZNF583
ENCFF557OYZ:missed_target=chr10:26126001-26127001, target=ZNF583
ENCFF557OYZ:missed_target=chrX:27466001-27467001, target=ZNF583
ENCFF557OYZ:missed_target=HOXA13|chr7:27236499-27239725, target=ZNF583
ENCFF557OYZ:missed_target=SETD5|chr3:9439384-9519838, target=ZNF583
ENCFF557OYZ:missed_target=RNF150|chr4:141786725-142054616, target=ZNF583
ZNF583|ZNF583|HOXA13|chr2:232416001-232417001|chr10:26126001-26127001|chrX:27466001-27467001|HOXA13|SETD5|RNF150ENCFF770TBR:missed_target=HOXA13|chr7:27236499-27239725, target=ZNF311
ENCFF770TBR:missed_target=HOXA13|chr7:27236499-27239725, target=ZNF311
HOXA13|HOXA13|ZNF311ENCFF645PLM:missed_target=HOXA13|chr7:27236499-27239725, target=ZNF76
ZNF76|HOXA13|ZNF76ENCFF127FLC:missed_target=HOXA13|chr7:27236499-27239725, target=ZNF785
ZNF785|ZNF785|HOXA13ENCFF818RGZ:missed_target=FAM110A|chr20:814340-826922, target=ZNF76
ENCFF818RGZ:missed_target=HOXA13|chr7:27236499-27239725, target=ZNF76
ENCFF818RGZ:missed_target=HOMEZ|chr14:23742844-23755309, target=ZNF76
FAM110A|ZNF76|HOXA13|HOMEZ|ZNF76ENCFF640EMC:missed_target=chr3:128135001-128136001, target=HEY1
ENCFF640EMC:missed_target=C16orf74|chr16:85741123-85784689, target=HEY1
HEY1|chr3:128135001-128136001|HEY1|C16orf74ENCFF166HVR:missed_target=HBB|chr11:5246696-5248301, target=PATZ1
ENCFF166HVR:missed_target=EEF1A1|chr6:74225473-74230755, target=PATZ1
HBB|PATZ1|EEF1A1|PATZ1KDM2B|KDM2BENCFF780RPQ:missed_target=HOXA13|chr7:27236499-27239725, target=ZNF583
ENCFF780RPQ:missed_target=TMEM246|chr9:104235440-104249503, target=ZNF583
ENCFF780RPQ:missed_target=RREB1|chr6:7107830-7252213, target=ZNF583
ZNF583|ZNF583|HOXA13|TMEM246|RREB1GLIS3ZNF324|ZNF324ZNF624|ZNF624ZNF764ENCFF583VLJ:missed_target=HOXB13|chr17:46802125-46806111, target=RREB1
ENCFF583VLJ:missed_target=HOXA13|chr7:27236499-27239725, target=RREB1
RREB1|RREB1|HOXB13|HOXA13KLF1GFI1BZNF512|ZNF512ENCFF096LLU:missed_target=ADGRL4|chr1:79355449-79472495, target=POLR2H
POLR2H|POLR2H|POLR2H-Cterm|ADGRL4ZSCAN23ENCFF307WIE:missed_target=EGR2|chr10:64571756-64578927, target=IKZF2
ENCFF307WIE:missed_target=chr1:169027001-169028001, target=IKZF2
ENCFF307WIE:missed_target=S100PBP-Promoter|chr1:33282043-33283043, target=IKZF2
ENCFF307WIE:missed_target=YARS|chr1:33240840-33283633, target=IKZF2
EGR2|chr1:169027001-169028001|S100PBP-Promoter|YARSENCFF726QBO:missed_target=ZKSCAN8|chr6:28109688-28127250, target=ZNF792
ZKSCAN8ZNF623BCL11BZNF558ENCFF271YPD:missed_target=MRPL50-Promoter|chr9:104160919-104161919, target=ZNF189
ZNF189|MRPL50-PromoterPBX2|PBX2ENCFF741TKM:missed_target=chr2:33141001-33142001, target=SP7
ENCFF741TKM:missed_target=chr5:109561001-109562001, target=SP7
SP7|chr2:33141001-33142001|chr5:109561001-109562001ZNF335ENCFF099FNA:missed_target=chrX:33464001-33465001, target=ZSCAN30
ENCFF099FNA:missed_target=chr20:52240001-52241001, target=ZSCAN30
ENCFF099FNA:missed_target=WLS|chr1:68564142-68698284, target=ZSCAN30
ENCFF099FNA:missed_target=HOXA13|chr7:27236499-27239725, target=ZSCAN30
ENCFF099FNA:missed_target=CDYL2|chr16:80631796-80838175, target=ZSCAN30
chrX:33464001-33465001|chr20:52240001-52241001|WLS|HOXA13|CDYL2ENCFF893AGO:missed_target=HOXB5|chr17:46668619-46671103, target=ZSCAN30
ENCFF893AGO:missed_target=ZNF718|chr4:124358-196095, target=ZSCAN30
HOXB5|ZNF718ENCFF380UAO:missed_target=ZNF281|chr1:200374075-200379186, target=DMBX1
ZNF281|DMBX1ENCFF293WAK:missed_target=HOXA13|chr7:27236499-27239725, target=NR5A2
ENCFF293WAK:missed_target=HOXA13|chr7:27236499-27239725, target=NR5A2
ENCFF293WAK:missed_target=HOXB13|chr17:46802125-46806111, target=NR5A2
ENCFF293WAK:missed_target=chr14:22631001-22632001, target=NR5A2
ENCFF293WAK:missed_target=VSTM2B|chr19:30017491-30055226, target=NR5A2
HOXA13|HOXA13|NR5A2|HOXB13|NR5A2|chr14:22631001-22632001|VSTM2BTCF15|TCF15ZNF449CREB5ENCFF226HES:missed_target=TBX19|chr1:168250278-168283664, target=HOXB13
ENCFF226HES:missed_target=TBX19|chr1:168250278-168283664, target=HOXB13
ENCFF226HES:missed_target=TSHZ3|chr19:31640776-31840431, target=HOXB13
HOXB13|HOXB13|TBX19|TBX19|TSHZ3ENCFF872XMM:missed_target=chr13:43086001-43087001, target=SATB1
ENCFF872XMM:missed_target=HOXB13|chr17:46802125-46806111, target=SATB1
SATB1|chr13:43086001-43087001|HOXB13|SATB1ENCFF662IBJ:missed_target=COL9A3-Cterm|chr20:61472511-61473511, target=ZNF257
ENCFF662IBJ:missed_target=TCFL5|chr20:61472366-61493115, target=ZNF257
COL9A3-Cterm|TCFL5ENCFF423VHT:missed_target=HOXB5|chr17:46668619-46671103, target=TSHZ2
ENCFF423VHT:missed_target=HOXB13|chr17:46802125-46806111, target=TSHZ2
ENCFF423VHT:missed_target=HOXB5|chr17:46668619-46671103, target=TSHZ2
ENCFF423VHT:missed_target=HOXB13|chr17:46802125-46806111, target=TSHZ2
ENCFF423VHT:missed_target=EHF|chr11:34642588-34684835, target=TSHZ2
ENCFF423VHT:missed_target=EHF|chr11:34642588-34684835, target=TSHZ2
ENCFF423VHT:missed_target=HOXA13|chr7:27236499-27239725, target=TSHZ2
ENCFF423VHT:missed_target=HOXA13|chr7:27236499-27239725, target=TSHZ2
ENCFF423VHT:missed_target=FOXS1|chr20:30432103-30433420, target=TSHZ2
ENCFF423VHT:missed_target=FOXS1|chr20:30432103-30433420, target=TSHZ2
ENCFF423VHT:missed_target=FOXF2|chr6:1390069-1395832, target=TSHZ2
ENCFF423VHT:missed_target=FOXF2|chr6:1390069-1395832, target=TSHZ2
ENCFF423VHT:missed_target=chr2:33141001-33142001, target=TSHZ2
ENCFF423VHT:missed_target=FOXS1-Cterm|chr20:30431103-30432103, target=TSHZ2
ENCFF423VHT:missed_target=chr3:29195001-29196001, target=TSHZ2
ENCFF423VHT:missed_target=chr6:158719001-158720001, target=TSHZ2
ENCFF423VHT:missed_target=chr8:65875001-65876001, target=TSHZ2
ENCFF423VHT:missed_target=chr6:50269001-50270001, target=TSHZ2
ENCFF423VHT:missed_target=chr11:130359001-130360001, target=TSHZ2
ENCFF423VHT:missed_target=chr2:36428001-36429001, target=TSHZ2
ENCFF423VHT:missed_target=chr2:193398001-193399001, target=TSHZ2
ENCFF423VHT:missed_target=BNC2|chr9:16409501-16870786, target=TSHZ2
HOXB5|HOXB13|HOXB5|HOXB13|EHF|EHF|HOXA13|HOXA13|FOXS1|FOXS1|FOXF2|FOXF2|chr2:33141001-33142001|FOXS1-Cterm|chr3:29195001-29196001|chr6:158719001-158720001|chr8:65875001-65876001|chr6:50269001-50270001|chr11:130359001-130360001|chr2:36428001-36429001|chr2:193398001-193399001|BNC2IFI16|IFI16ENCFF421AET:missed_target=CSRNP3|chr2:166326157-166545917, target=HOXA7
HOXA7|CSRNP3ENCFF864BVL:missed_target=IKZF1|chr7:50343679-50472799, target=ZNF331
IKZF1ATOH8ENCFF945OTH:missed_target=EHF|chr11:34642588-34684835, target=HOXB5
HOXB5|HOXB5|EHFDLX4|DLX4ENCFF616YBL:missed_target=HOXA13|chr7:27236499-27239725, target=HOXB5
ENCFF616YBL:missed_target=HOXA13|chr7:27236499-27239725, target=HOXB5
ENCFF616YBL:missed_target=HOXB13|chr17:46802125-46806111, target=HOXB5
ENCFF616YBL:missed_target=FOXS1|chr20:30432103-30433420, target=HOXB5
ENCFF616YBL:missed_target=FOXF2|chr6:1390069-1395832, target=HOXB5
ENCFF616YBL:missed_target=FOXS1|chr20:30432103-30433420, target=HOXB5
ENCFF616YBL:missed_target=SSSCA1-Cterm|chr11:65339359-65340359, target=HOXB5
ENCFF616YBL:missed_target=chr8:58324001-58325001, target=HOXB5
ENCFF616YBL:missed_target=chr1:113797001-113798001, target=HOXB5
ENCFF616YBL:missed_target=chr10:83386001-83387001, target=HOXB5
ENCFF616YBL:missed_target=chr2:33141001-33142001, target=HOXB5
ENCFF616YBL:missed_target=FAM89B|chr11:65339820-65341669, target=HOXB5
ENCFF616YBL:missed_target=HOXB13|chr17:46802125-46806111, target=HOXB5
ENCFF616YBL:missed_target=FOXF2|chr6:1390069-1395832, target=HOXB5
HOXA13|HOXA13|HOXB5|HOXB5|HOXB13|FOXS1|FOXF2|FOXS1|SSSCA1-Cterm|chr8:58324001-58325001|chr1:113797001-113798001|chr10:83386001-83387001|chr2:33141001-33142001|FAM89B|HOXB13|FOXF2KLF10|KLF10ENCFF197BIG:missed_target=chr9:35149001-35150001, target=ZNF626
ENCFF197BIG:missed_target=HOXB13|chr17:46802125-46806111, target=ZNF626
chr9:35149001-35150001|HOXB13PRDM1CTCFZNF462ZNF133ENCFF569SLS:missed_target=ZNF165|chr6:28048482-28057341, target=ZNF223
ZNF165ZNF23ENCFF131OXT:missed_target=GLT1D1|chr12:129337979-129469509, target=ZNF175
GLT1D1ENCFF574OQO:missed_target=EGR2|chr10:64571756-64578927, target=ZFHX2
EGR2ENCFF033ZFD:missed_target=ZFP64|chr20:50700550-50808524, target=ZBTB20
ZFP64ENCFF859HOC:missed_target=GTDC1|chr2:144703581-145090101, target=ZNF416
ZNF416|GTDC1ZNF24ENCFF655ROQ:missed_target=chr18:49054001-49055001, target=PRDM2
PRDM2|chr18:49054001-49055001ZEB2ENCFF701LQT:missed_target=ZBTB21|chr21:43406940-43430496, target=ZNF629
ZBTB21ZNF16ZNF292ZNF24ENCFF784CYN:missed_target=RAB4B|chr19:41284124-41302849, target=OSR2
RAB4BZNF610ZNF501ZNF781ENCFF129ACU:missed_target=PRKCA|chr17:64298926-64806862, target=ESRRB
ESRRB|PRKCAZNF79-Cterm|ZNF79|ZNF79ENCFF851NCD:missed_target=chr17:56235001-56236001, target=MSX2
ENCFF851NCD:missed_target=ZFP42|chr4:188916925-188926204, target=MSX2
chr17:56235001-56236001|MSX2|ZFP42ZNF510ENCFF269TJM:missed_target=chr17:56235001-56236001, target=MSX2
chr17:56235001-56236001|MSX2ENCFF158DFY:missed_target=ZNF507|chr19:32836514-32878573, target=ZBTB12
ENCFF158DFY:missed_target=METTL21A|chr2:208445355-208490777, target=ZBTB12
ENCFF158DFY:missed_target=C2|chr6:31865562-31913451, target=ZBTB12
ENCFF158DFY:missed_target=C2|chr6:31865562-31913451, target=ZBTB12
ENCFF158DFY:missed_target=CREB1|chr2:208394616-208470713, target=ZBTB12
ENCFF158DFY:missed_target=SORCS3|chr10:106400859-107025000, target=ZBTB12
ZBTB12|ZBTB12|ZNF507|METTL21A|C2|C2|CREB1|SORCS3ENCFF461XQK:missed_target=RAD21|chr8:117858173-117887105, target=ZNF444
ZNF444|ZNF444|RAD21ENCFF622WBA:missed_target=LACE1|chr6:108616078-108846987, target=ZNF319
ZNF319|ZNF319|LACE1ZKSCAN3|ZKSCAN3ZNF700ENCFF859AUS:missed_target=ZNF507|chr19:32836514-32878573, target=ZNF79
ZNF79|ZNF507ENCFF727NSS:missed_target=HOXA13|chr7:27236499-27239725, target=ZFP3
ENCFF727NSS:missed_target=HOXB13|chr17:46802125-46806111, target=ZFP3
ENCFF727NSS:missed_target=chr8:115748001-115749001, target=ZFP3
ENCFF727NSS:missed_target=HOXB5|chr17:46668619-46671103, target=ZFP3
ENCFF727NSS:missed_target=HOXA13|chr7:27236499-27239725, target=ZFP3
ENCFF727NSS:missed_target=KCNJ9|chr1:160051360-160059212, target=ZFP3
ENCFF727NSS:missed_target=EHF|chr11:34642588-34684835, target=ZFP3
ENCFF727NSS:missed_target=EHF|chr11:34642588-34684835, target=ZFP3
HOXA13|HOXB13|chr8:115748001-115749001|HOXB5|HOXA13|KCNJ9|EHF|EHFENCFF632RYD:missed_target=chr1:10245001-10246001, target=ZNF677
ENCFF632RYD:missed_target=HOXA13|chr7:27236499-27239725, target=ZNF677
ENCFF632RYD:missed_target=HOXA13|chr7:27236499-27239725, target=ZNF677
ENCFF632RYD:missed_target=HOXB13|chr17:46802125-46806111, target=ZNF677
ENCFF632RYD:missed_target=ZFP30|chr19:38123389-38147162, target=ZNF677
ZNF677|chr1:10245001-10246001|HOXA13|HOXA13|HOXB13|ZFP30TSHZ1|TSHZ1PRDM4ENCFF933GNG:missed_target=FEM1A-Promoter|chr19:4790728-4791728, target=HIVEP1
HIVEP1|FEM1A-Promoter|HIVEP1ZBTB21ENCFF550XER:missed_target=HOXA13|chr7:27236499-27239725, target=SNAI2
ENCFF550XER:missed_target=HOXB13|chr17:46802125-46806111, target=SNAI2
ENCFF550XER:missed_target=HOXB13|chr17:46802125-46806111, target=SNAI2
ENCFF550XER:missed_target=HOXA13|chr7:27236499-27239725, target=SNAI2
ENCFF550XER:missed_target=FOXS1|chr20:30432103-30433420, target=SNAI2
ENCFF550XER:missed_target=EHF|chr11:34642588-34684835, target=SNAI2
ENCFF550XER:missed_target=FOXF2|chr6:1390069-1395832, target=SNAI2
ENCFF550XER:missed_target=chr20:29612001-29613001, target=SNAI2
ENCFF550XER:missed_target=HOXB5|chr17:46668619-46671103, target=SNAI2
ENCFF550XER:missed_target=EHF|chr11:34642588-34684835, target=SNAI2
ENCFF550XER:missed_target=FOXF2|chr6:1390069-1395832, target=SNAI2
ENCFF550XER:missed_target=FOXS1|chr20:30432103-30433420, target=SNAI2
HOXA13|HOXB13|HOXB13|HOXA13|FOXS1|EHF|FOXF2|chr20:29612001-29613001|HOXB5|SNAI2|EHF|FOXF2|FOXS1ZBTB21ENCFF192UKU:missed_target=CSDC2|chr22:41957014-41972670, target=PPARA
ENCFF192UKU:missed_target=ZNF354B-Cterm|chr5:178311424-178312424, target=PPARA
ENCFF192UKU:missed_target=CSDC2|chr22:41957014-41972670, target=PPARA
ENCFF192UKU:missed_target=ZNF354B|chr5:178286954-178311424, target=PPARA
CSDC2|ZNF354B-Cterm|CSDC2|ZNF354B|PPARAREPIN1ZNF397|ZNF397ENCFF723XAZ:missed_target=METTL21A|chr2:208445355-208490777, target=CREB1
METTL21A|CREB1ZNF41ZNF404ENCFF243REJ:missed_target=chr10:29364001-29365001, target=ZNF677
ENCFF243REJ:missed_target=chr1:31981001-31982001, target=ZNF677
ENCFF243REJ:missed_target=HOXA13|chr7:27236499-27239725, target=ZNF677
ZNF677|chr10:29364001-29365001|chr1:31981001-31982001|HOXA13FOSB|FOSBENCFF555XUI:missed_target=USPL1|chr13:31191816-31234907, target=ZNF785
ZNF785|USPL1ZBTB10ENCFF481UOI:missed_target=FBXO11|chr2:48034059-48132932, target=ESRRG
FBXO11|ESRRGZNF274ENCFF095MZW:missed_target=HOXA13|chr7:27236499-27239725, target=IKZF3
ENCFF095MZW:missed_target=HOXB13|chr17:46802125-46806111, target=IKZF3
IKZF3|HOXA13|HOXB13ENCFF621NBR:missed_target=chr2:33141001-33142001, target=NR2C1
ENCFF621NBR:missed_target=chr2:232047001-232048001, target=NR2C1
NR2C1|NR2C1|chr2:33141001-33142001|chr2:232047001-232048001ZNF41ENCFF424GGO:missed_target=chr5:21066001-21067001, target=MTF1
MTF1|chr5:21066001-21067001|MTF1ENCFF803NKB:missed_target=chr4:190482001-190483001, target=ZNF77
ZNF77|chr4:190482001-190483001ZNF398|ZNF398BCL6BNC2ZNF41|ZNF41ENCFF026VLB:missed_target=HOXA13|chr7:27236499-27239725, target=ZNF408
ZNF408-Cterm|HOXA13|ZNF408MTF1|MTF1ENCFF518ZBE:missed_target=HOXA13|chr7:27236499-27239725, target=IFI16
ENCFF518ZBE:missed_target=HOXA13|chr7:27236499-27239725, target=IFI16
ENCFF518ZBE:missed_target=IST1|chr16:71928311-71964542, target=IFI16
ENCFF518ZBE:missed_target=ZNF114|chr19:48773356-48790865, target=IFI16
ENCFF518ZBE:missed_target=chr5:121276001-121277001, target=IFI16
ENCFF518ZBE:missed_target=ARID4B|chr1:235330210-235491534, target=IFI16
HOXA13|HOXA13|IST1|ZNF114|IFI16|IFI16|chr5:121276001-121277001|ARID4BZNF624|ZNF624TSHZ1|TSHZ1ENCFF091GDP:missed_target=ZNF764|chr16:30565085-30569642, target=ZNF445
ZNF445|ZNF445|ZNF764ENCFF457TZH:missed_target=HOXA13|chr7:27236499-27239725, target=ARID4B
ENCFF457TZH:missed_target=HOXA13|chr7:27236499-27239725, target=ARID4B
ENCFF457TZH:missed_target=chr6:154023001-154024001, target=ARID4B
ENCFF457TZH:missed_target=chr3:152832001-152833001, target=ARID4B
ENCFF457TZH:missed_target=HOXB5|chr17:46668619-46671103, target=ARID4B
ENCFF457TZH:missed_target=HOXB13|chr17:46802125-46806111, target=ARID4B
HOXA13|HOXA13|ARID4B|ARID4B|chr6:154023001-154024001|chr3:152832001-152833001|HOXB5|HOXB13ENCFF348AZF:missed_target=ZNF174|chr16:3451190-3459364, target=ZNF211
ENCFF348AZF:missed_target=ZNF174|chr16:3451190-3459364, target=ZNF211
ZNF211|ZNF211|ZNF174|ZNF174ENCFF415CJF:missed_target=KCNS3|chr2:18059114-18114225, target=NR4A1
ENCFF415CJF:missed_target=chr8:29499001-29500001, target=NR4A1
ENCFF415CJF:missed_target=HOXA13|chr7:27236499-27239725, target=NR4A1
NR4A1|NR4A1|KCNS3|chr8:29499001-29500001|HOXA13ENCFF014MYU:missed_target=ESRRG|chr1:216676588-217311097, target=KLF10
ENCFF014MYU:missed_target=ESRRG|chr1:216676588-217311097, target=KLF10
ESRRG|ESRRGENCFF270FOL:missed_target=XPNPEP3-Promoter|chr22:41252085-41253085, target=ZNF169
ENCFF270FOL:missed_target=ST13|chr22:41220539-41253012, target=ZNF169
ENCFF270FOL:missed_target=CDC27|chr17:45195063-45266678, target=ZNF169
ZNF169|ZNF169|XPNPEP3-Promoter|ST13|CDC27PRDM1|PRDM1ENCFF561EJF:missed_target=chr11:98051001-98052001, target=RREB1
ENCFF561EJF:missed_target=chr1:151166001-151167001, target=RREB1
ENCFF561EJF:missed_target=chr17:43586001-43587001, target=RREB1
ENCFF561EJF:missed_target=chr14:44984001-44985001, target=RREB1
ENCFF561EJF:missed_target=SV2B|chr15:91642818-91845795, target=RREB1
RREB1|RREB1|chr11:98051001-98052001|chr1:151166001-151167001|chr17:43586001-43587001|chr14:44984001-44985001|SV2BENCFF498GFI:missed_target=ZNF507|chr19:32836514-32878573, target=PPARD
ENCFF498GFI:missed_target=ZNF507|chr19:32836514-32878573, target=PPARD
ZNF507|ZNF507|PPARD|PPARDHOXA7ZNF211|ZNF211HOXA7ENCFF640SSC:missed_target=HOXA13|chr7:27236499-27239725, target=ZFP3
ENCFF640SSC:missed_target=HOXB13|chr17:46802125-46806111, target=ZFP3
ENCFF640SSC:missed_target=HOXA13|chr7:27236499-27239725, target=ZFP3
ENCFF640SSC:missed_target=HOXB13|chr17:46802125-46806111, target=ZFP3
ENCFF640SSC:missed_target=chr4:143954001-143955001, target=ZFP3
ENCFF640SSC:missed_target=FOXF2|chr6:1390069-1395832, target=ZFP3
ENCFF640SSC:missed_target=EHF|chr11:34642588-34684835, target=ZFP3
ENCFF640SSC:missed_target=NR5A2|chr1:199996730-200146552, target=ZFP3
HOXA13|HOXB13|HOXA13|HOXB13|chr4:143954001-143955001|FOXF2|EHF|NR5A2ENCFF925LJA:missed_target=HOXA13|chr7:27236499-27239725, target=PRDM1
ENCFF925LJA:missed_target=CRY1|chr12:107385142-107487635, target=PRDM1
PRDM1|PRDM1|HOXA13|CRY1ENCFF060SWA:missed_target=KLF10|chr8:103661005-103668130, target=DLX4
KLF10ENCFF541MER:missed_target=MSC|chr8:72753777-72756731, target=TFAP2C
ENCFF541MER:missed_target=MSC|chr8:72753777-72756731, target=TFAP2C
ENCFF541MER:missed_target=HOXA13|chr7:27236499-27239725, target=TFAP2C
ENCFF541MER:missed_target=HOXA13|chr7:27236499-27239725, target=TFAP2C
MSC|MSC|HOXA13|HOXA13|TFAP2CENCFF500AUA:missed_target=PLPP1|chr5:54720670-54830906, target=ZNF319
ZNF319|ZNF319|PLPP1ENCFF290HOJ:missed_target=ZNF79|chr9:130186653-130207651, target=NFIX
NFIX|NFIX|ZNF79SPDEF|SPDEF|SPDEFGLIS3ENCFF968BDS:missed_target=NTSR2|chr2:11798304-11810329, target=NR4A1
ENCFF968BDS:missed_target=chr7:124731001-124732001, target=NR4A1
ENCFF968BDS:missed_target=RPL6|chr12:112842985-112856647, target=NR4A1
ENCFF968BDS:missed_target=KCNS3|chr2:18059114-18114225, target=NR4A1
NR4A1|NR4A1|NTSR2|chr7:124731001-124732001|RPL6|KCNS3ZNF449ENCFF482MKB:missed_target=HOXB5|chr17:46668619-46671103, target=EHF
ENCFF482MKB:missed_target=HOXA13|chr7:27236499-27239725, target=EHF
ENCFF482MKB:missed_target=HOXB13|chr17:46802125-46806111, target=EHF
ENCFF482MKB:missed_target=FOXF2|chr6:1390069-1395832, target=EHF
ENCFF482MKB:missed_target=HOXA13|chr7:27236499-27239725, target=EHF
ENCFF482MKB:missed_target=HOXB13|chr17:46802125-46806111, target=EHF
ENCFF482MKB:missed_target=FOXF2|chr6:1390069-1395832, target=EHF
EHF|HOXB5|HOXA13|EHF|HOXB13|FOXF2|HOXA13|HOXB13|FOXF2ENCFF661AFU:missed_target=chr2:221241001-221242001, target=ZFP30
ENCFF661AFU:missed_target=chr17:57381001-57382001, target=ZFP30
ENCFF661AFU:missed_target=FOXS1|chr20:30432103-30433420, target=ZFP30
ENCFF661AFU:missed_target=HOXA13|chr7:27236499-27239725, target=ZFP30
ENCFF661AFU:missed_target=HOXB13|chr17:46802125-46806111, target=ZFP30
ENCFF661AFU:missed_target=ZNF70|chr22:24083771-24093279, target=ZFP30
chr2:221241001-221242001|chr17:57381001-57382001|FOXS1|HOXA13|HOXB13|ZNF70|ZFP30ENCFF406ERZ:missed_target=HOXA13|chr7:27236499-27239725, target=IFI16
ENCFF406ERZ:missed_target=HOXA13|chr7:27236499-27239725, target=IFI16
ENCFF406ERZ:missed_target=FOXF2|chr6:1390069-1395832, target=IFI16
ENCFF406ERZ:missed_target=BNC2|chr9:16409501-16870786, target=IFI16
HOXA13|HOXA13|IFI16|FOXF2|BNC2ENCFF552EFI:missed_target=chr12:128707001-128708001, target=ZNF114
ENCFF552EFI:missed_target=TBX19|chr1:168250278-168283664, target=ZNF114
ENCFF552EFI:missed_target=ZNF793|chr19:37997841-38034239, target=ZNF114
ENCFF552EFI:missed_target=MTF1|chr1:38275239-38325292, target=ZNF114
ZNF114|ZNF114|chr12:128707001-128708001|TBX19|ZNF793|MTF1ENCFF091NPX:missed_target=chr11:76434001-76435001, target=ARID3B
ENCFF091NPX:missed_target=HOXA13|chr7:27236499-27239725, target=ARID3B
ARID3B|chr11:76434001-76435001|HOXA13ENCFF155PWJ:missed_target=chr7:114857001-114858001, target=SHOX2
ENCFF155PWJ:missed_target=STAG2|chrX:123094410-123236506, target=SHOX2
ENCFF155PWJ:missed_target=FAM131C|chr1:16384264-16400127, target=SHOX2
ENCFF155PWJ:missed_target=STAG2|chrX:123094410-123236506, target=SHOX2
SHOX2|SHOX2|chr7:114857001-114858001|STAG2|FAM131C|STAG2ENCFF181HSQ:missed_target=KDM2B|chr12:121866899-122018920, target=ESRRB
ESRRB|ESRRB|KDM2BENCFF029VTH:missed_target=chr10:47127001-47128001, target=ZNF133
ZNF133|chr10:47127001-47128001TBX18|TBX18ENCFF953RFT:missed_target=GNAZ|chr22:23412669-23467221, target=SHOX2
ENCFF953RFT:missed_target=RSPH14|chr22:23401593-23484241, target=SHOX2
ENCFF953RFT:missed_target=chr11:29920001-29921001, target=SHOX2
ENCFF953RFT:missed_target=STAG2|chrX:123094410-123236506, target=SHOX2
SHOX2|SHOX2|GNAZ|RSPH14|chr11:29920001-29921001|STAG2ENCFF956SAR:missed_target=HOXA13|chr7:27236499-27239725, target=ZNF76
ZNF76|ZNF76|HOXA13ENCFF595NPF:missed_target=HOXA13|chr7:27236499-27239725, target=E2F3
ENCFF595NPF:missed_target=HOXA13|chr7:27236499-27239725, target=E2F3
E2F3|HOXA13|HOXA13|E2F3ENCFF140PSH:missed_target=VSNL1|chr2:17721807-17837706, target=BCL6
BCL6|BCL6|VSNL1BCL6|BCL6ENCFF084KLP:missed_target=ERC1|chr12:1100374-1605099, target=ZNF408
ZNF408-Cterm|ZNF408|ERC1ENCFF657OOT:missed_target=HOXA13|chr7:27236499-27239725, target=HOXB5
ENCFF657OOT:missed_target=HOXA13|chr7:27236499-27239725, target=HOXB5
ENCFF657OOT:missed_target=HOXB13|chr17:46802125-46806111, target=HOXB5
ENCFF657OOT:missed_target=chr8:71468001-71469001, target=HOXB5
ENCFF657OOT:missed_target=chr1:69056001-69057001, target=HOXB5
ENCFF657OOT:missed_target=chr3:50544001-50545001, target=HOXB5
ENCFF657OOT:missed_target=chr4:96663001-96664001, target=HOXB5
HOXA13|HOXA13|HOXB13|chr8:71468001-71469001|chr1:69056001-69057001|HOXB5|HOXB5|chr3:50544001-50545001|chr4:96663001-96664001ARID3BTSHZ1|TSHZ1ZNF281|ZNF281ENCFF439GSQ:missed_target=ZNF507|chr19:32836514-32878573, target=PPARD
ENCFF439GSQ:missed_target=ZNF507|chr19:32836514-32878573, target=PPARD
ZNF507|ZNF507|PPARD|PPARDZNF530HIVEP1|HIVEP1ENCFF961HPB:missed_target=E2F1|chr20:32263292-32274210, target=ZNF747
ZNF747|E2F1ZNF785PPARA|PPARAENCFF728AOV:missed_target=E2F1|chr20:32263292-32274210, target=ZNF645
ENCFF728AOV:missed_target=chr12:43218001-43219001, target=ZNF645
ENCFF728AOV:missed_target=chr1:205614001-205615001, target=ZNF645
ENCFF728AOV:missed_target=CTCF|chr16:67596310-67673088, target=ZNF645
ENCFF728AOV:missed_target=UMODL1|chr21:43483068-43563105, target=ZNF645
ZNF645|E2F1|chr12:43218001-43219001|chr1:205614001-205615001|CTCF|UMODL1ZNF157ZNF221ENCFF859GIK:missed_target=FGL1|chr8:17721900-17753047, target=ZNF624
ZNF624|ZNF624|FGL1ZNF169ZNF548ZNF362ENCFF558YFM:missed_target=ZBTB14|chr18:5289018-5297052, target=ZNF438
ZBTB14MAZZNF366ZNF121ZNF121ZNF770ZNF658ENCFF962THE:missed_target=chr5:38166001-38167001, target=ZSCAN18
ZSCAN18|chr5:38166001-38167001ZNF19ZNF426ZSCAN18ZNF155ZNF133ZIC2ENCFF528HWW:missed_target=HOXA13|chr7:27236499-27239725, target=CSDC2
ENCFF528HWW:missed_target=HOXA13|chr7:27236499-27239725, target=CSDC2
ENCFF528HWW:missed_target=HOXB5|chr17:46668619-46671103, target=CSDC2
ENCFF528HWW:missed_target=HOXB5|chr17:46668619-46671103, target=CSDC2
ENCFF528HWW:missed_target=EHF|chr11:34642588-34684835, target=CSDC2
ENCFF528HWW:missed_target=HOXB13|chr17:46802125-46806111, target=CSDC2
ENCFF528HWW:missed_target=HOXB13|chr17:46802125-46806111, target=CSDC2
ENCFF528HWW:missed_target=EHF|chr11:34642588-34684835, target=CSDC2
ENCFF528HWW:missed_target=FOXS1|chr20:30432103-30433420, target=CSDC2
ENCFF528HWW:missed_target=FOXF2|chr6:1390069-1395832, target=CSDC2
ENCFF528HWW:missed_target=FOXS1|chr20:30432103-30433420, target=CSDC2
ENCFF528HWW:missed_target=FOXF2|chr6:1390069-1395832, target=CSDC2
ENCFF528HWW:missed_target=chr14:98638001-98639001, target=CSDC2
ENCFF528HWW:missed_target=chr2:133025001-133026001, target=CSDC2
ENCFF528HWW:missed_target=ZNF70|chr22:24083771-24093279, target=CSDC2
ENCFF528HWW:missed_target=chr1:211626001-211627001, target=CSDC2
ENCFF528HWW:missed_target=chr9:88120001-88121001, target=CSDC2
ENCFF528HWW:missed_target=chr9:105048001-105049001, target=CSDC2
ENCFF528HWW:missed_target=FOXS1-Cterm|chr20:30431103-30432103, target=CSDC2
ENCFF528HWW:missed_target=chr2:195365001-195366001, target=CSDC2
ENCFF528HWW:missed_target=chr3:82367001-82368001, target=CSDC2
ENCFF528HWW:missed_target=chr3:138559001-138560001, target=CSDC2
ENCFF528HWW:missed_target=chr1:104801001-104802001, target=CSDC2
ENCFF528HWW:missed_target=chr19:36920001-36921001, target=CSDC2
ENCFF528HWW:missed_target=chr4:114734001-114735001, target=CSDC2
ENCFF528HWW:missed_target=chr14:69326001-69327001, target=CSDC2
ENCFF528HWW:missed_target=chr19:33009001-33010001, target=CSDC2
HOXA13|HOXA13|HOXB5|HOXB5|EHF|HOXB13|HOXB13|EHF|FOXS1|FOXF2|FOXS1|FOXF2|chr14:98638001-98639001|chr2:133025001-133026001|ZNF70|chr1:211626001-211627001|chr9:88120001-88121001|chr9:105048001-105049001|FOXS1-Cterm|chr2:195365001-195366001|chr3:82367001-82368001|chr3:138559001-138560001|chr1:104801001-104802001|chr19:36920001-36921001|chr4:114734001-114735001|chr14:69326001-69327001|chr19:33009001-33010001ENCFF083YXD:missed_target=HOXA13|chr7:27236499-27239725, target=SNAI2
ENCFF083YXD:missed_target=HOXB13|chr17:46802125-46806111, target=SNAI2
ENCFF083YXD:missed_target=HOXA13|chr7:27236499-27239725, target=SNAI2
ENCFF083YXD:missed_target=HOXB5|chr17:46668619-46671103, target=SNAI2
ENCFF083YXD:missed_target=HOXB5|chr17:46668619-46671103, target=SNAI2
ENCFF083YXD:missed_target=HOXB13|chr17:46802125-46806111, target=SNAI2
ENCFF083YXD:missed_target=PGK1|chrX:77359666-77382324, target=SNAI2
ENCFF083YXD:missed_target=EHF|chr11:34642588-34684835, target=SNAI2
ENCFF083YXD:missed_target=FOXS1|chr20:30432103-30433420, target=SNAI2
ENCFF083YXD:missed_target=FOXS1|chr20:30432103-30433420, target=SNAI2
ENCFF083YXD:missed_target=FOXF2|chr6:1390069-1395832, target=SNAI2
ENCFF083YXD:missed_target=FOXF2|chr6:1390069-1395832, target=SNAI2
ENCFF083YXD:missed_target=EHF|chr11:34642588-34684835, target=SNAI2
HOXA13|HOXB13|HOXA13|HOXB5|HOXB5|HOXB13|PGK1|EHF|FOXS1|FOXS1|FOXF2|FOXF2|EHFZNF524ENCFF647UJY:missed_target=AGPAT4|chr6:161551057-161695107, target=SNAI2
SNAI2|AGPAT4ZNF133|ZNF133ENCFF344MAD:missed_target=HOXB13|chr17:46802125-46806111, target=ZNF169
ENCFF344MAD:missed_target=ZFP30|chr19:38123389-38147162, target=ZNF169
ZNF169|ZNF169|HOXB13|ZFP30ZNF462ZNF764|ZNF764ENCFF643PJM:missed_target=ZNF268|chr12:133757995-133783698, target=ZNF264
ZNF268ATF2ZNF165ENCFF916WNU:missed_target=IRGM|chr5:150226085-150281964, target=ZNF300
ZNF300|IRGMENCFF213XIX:missed_target=IRGM|chr5:150226085-150281964, target=ZNF300
ZNF300|IRGMZNF521ZNF148ENCFF857UFP:missed_target=chr2:33141001-33142001, target=ZNF662
ZNF662|chr2:33141001-33142001ENCFF192LSU:missed_target=ZNF134|chr19:58125587-58136085, target=ZNF10
ZNF134ZNF112ZNF280CZNF350ENCFF233DTH:missed_target=ZNF134|chr19:58125587-58136085, target=ZNF10
ZNF134ZSCAN26ZNF18ZSCAN5AENCFF612YLD:missed_target=ZBTB2|chr6:151685250-151712835, target=ZEB2
ZBTB2|ZEB2SP7ZNF473RBAK|RBAK-RBAKDNZNF423ZNF132ZSCAN4ZNF148ZNF311SALL2ZNF350ZNF34ENCFF126ZYT:missed_target=chr7:118941001-118942001, target=ZNF473
ZNF473|chr7:118941001-118942001ZNF311ZIK1ENCFF376ORK:missed_target=HOXA13|chr7:27236499-27239725, target=ZNF830
HOXA13ZNF626ENCFF182GEK:missed_target=QSOX1|chr1:180123968-180167169, target=ZNF830
QSOX1ZNF491ARNTL|ARNTLENCFF477WJX:missed_target=NR2F6|chr19:17342694-17356151, target=ZBTB17
ZBTB17|ZBTB17-Cterm|ZBTB17-Cterm|NR2F6HMG20ATEAD1|TEAD1ENCFF647FLX:missed_target=ZNF70|chr22:24083771-24093279, target=ZNF214
ENCFF647FLX:missed_target=ZNF70|chr22:24083771-24093279, target=ZNF214
ENCFF647FLX:missed_target=ZNF354C|chr5:178487416-178510978, target=ZNF214
ZNF70|ZNF70|ZNF214|ZNF354CZNF544ZSCAN4HOXA7ENCFF076DJF:missed_target=chr4:26113001-26114001, target=ZNF248
ZNF248|chr4:26113001-26114001ZNF398FOXA3|FOXA3ENCFF521LDT:missed_target=ZBTB4|chr17:7362685-7387568, target=PRDM15
PRDM15|ZBTB4|PRDM15ENCFF224AFQ:missed_target=ADGRG1|chr16:57653605-57698951, target=ZBTB17
ZBTB17|ZBTB17-Cterm|ZBTB17|ADGRG1ZNF695|ZNF695RAD21|RAD21ENCFF810WZH:missed_target=TRIM41-Promoter|chr5:180649263-180650263, target=TFCP2
ENCFF810WZH:missed_target=ERF|chr19:42751713-42759316, target=TFCP2
ENCFF810WZH:missed_target=ZNF70|chr22:24083771-24093279, target=TFCP2
TFCP2|TRIM41-Promoter|ERF|ZNF70TFE3|TFE3MAZ|MAZZBTB5ENCFF877FLE:missed_target=chr2:33141001-33142001, target=ZNF75A
ZNF75A|ZNF75A|chr2:33141001-33142001ENCFF430VQF:missed_target=chr20:40339001-40340001, target=ZSCAN18
ZSCAN18|chr20:40339001-40340001ENCFF254CYD:missed_target=ATF4|chr22:39916564-39918691, target=REST
ATF4|RESTENCFF844VSS:missed_target=PSMC3IP-Cterm|chr17:40723328-40724328, target=MLX
ENCFF844VSS:missed_target=PSMC3IP-Cterm|chr17:40723328-40724328, target=MLX
ENCFF844VSS:missed_target=TARBP1|chr1:234527059-234614849, target=MLX
PSMC3IP-Cterm|PSMC3IP-Cterm|MLX|MLX|MLX|TARBP1ZNF529ENCFF262XBU:missed_target=SNAI2|chr8:49830236-49833999, target=KLF13
KLF13|SNAI2ZNF114ENCFF475LRH:missed_target=COG5-Cterm|chr7:106841189-106842189, target=SRF
ENCFF475LRH:missed_target=HBP1|chr7:106809406-106842974, target=SRF
ENCFF475LRH:missed_target=COG5-Cterm|chr7:106841189-106842189, target=SRF
ENCFF475LRH:missed_target=ZBTB26|chr9:125680308-125693830, target=SRF
ENCFF475LRH:missed_target=HBP1|chr7:106809406-106842974, target=SRF
COG5-Cterm|HBP1|COG5-Cterm|SRF|SRF|ZBTB26|HBP1ZNF227|ZNF227ZNF84|ZNF84ENCFF905YHU:missed_target=chr2:33141001-33142001, target=PATZ1
ENCFF905YHU:missed_target=CRB1|chr1:197170592-197447585, target=PATZ1
PATZ1|PATZ1|chr2:33141001-33142001|CRB1ZNF84|ZNF84ENCFF188SPM:missed_target=SPAG7-Promoter|chr17:4871132-4872132, target=CAMTA2
SPAG7-Promoter|CAMTA2|CAMTA2TFCP2ENCFF973LJD:missed_target=COL9A3-Cterm|chr20:61472511-61473511, target=TCFL5
ENCFF973LJD:missed_target=COL9A3-Cterm|chr20:61472511-61473511, target=TCFL5
COL9A3-Cterm|COL9A3-Cterm|TCFL5|TCFL5ENCFF788VOQ:missed_target=SNAI2|chr8:49830236-49833999, target=ZNF184
ENCFF788VOQ:missed_target=SNAI2|chr8:49830236-49833999, target=ZNF184
SNAI2|ZNF184|SNAI2KLF14ENCFF690JJH:missed_target=HOXA13|chr7:27236499-27239725, target=ZBTB11
ENCFF690JJH:missed_target=CCDC113|chr16:58283840-58317740, target=ZBTB11
ZBTB11|ZBTB11|HOXA13|CCDC113ENCFF441TFK:missed_target=chr5:54153001-54154001, target=ZNF561
ENCFF441TFK:missed_target=ZNF70|chr22:24083771-24093279, target=ZNF561
ENCFF441TFK:missed_target=ZNF70|chr22:24083771-24093279, target=ZNF561
ENCFF441TFK:missed_target=LSM14B|chr20:60697517-60710434, target=ZNF561
chr5:54153001-54154001|ZNF70|ZNF70|LSM14BZFPM2|ZFPM2ZNF114NR2F6|NR2F6ENCFF456GTI:missed_target=ZNF354C|chr5:178487416-178510978, target=ZNF331
ZNF354CENCFF480MVG:missed_target=ZNF565|chr19:36672962-36705986, target=KLF10
KLF10|ZNF565CREB5|CREB5FOXO4MAZENCFF490SYO:missed_target=CWC27|chr5:64064745-64314590, target=ZBTB5
ZBTB5|CWC27TOX2ZSCAN32ENCFF612CZJ:missed_target=SNAI2|chr8:49830236-49833999, target=ZBTB17
ENCFF612CZJ:missed_target=LHX2|chr9:126773889-126795442, target=ZBTB17
ENCFF612CZJ:missed_target=ZNF624|chr17:16524048-16557167, target=ZBTB17
ENCFF612CZJ:missed_target=ARNTL|chr11:13299274-13408813, target=ZBTB17
ZBTB17-Cterm|ZBTB17|SNAI2|LHX2|ZNF624|ZBTB17|ARNTLENCFF251JZW:missed_target=ZNF565|chr19:36672962-36705986, target=NR2F6
ENCFF251JZW:missed_target=ZNF70|chr22:24083771-24093279, target=NR2F6
ENCFF251JZW:missed_target=ZNF354C|chr5:178487416-178510978, target=NR2F6
ENCFF251JZW:missed_target=ZNF565|chr19:36672962-36705986, target=NR2F6
ENCFF251JZW:missed_target=LRFN5|chr14:42076059-42373752, target=NR2F6
ENCFF251JZW:missed_target=ZNF354C|chr5:178487416-178510978, target=NR2F6
ZNF565|ZNF70|ZNF354C|ZNF565|LRFN5|ZNF354CZNF70ZNF253ZNF565MAZ|MAZENCFF481FOV:missed_target=TFRC|chr3:195776155-195809032, target=ZNF250
ENCFF481FOV:missed_target=CLCN1|chr7:143013219-143049097, target=ZNF250
ZNF250|TFRC|CLCN1ENCFF305DQQ:missed_target=NEU1-Promoter|chr6:31830709-31831709, target=ZNF778
ENCFF305DQQ:missed_target=RPL13|chr16:89627065-89633237, target=ZNF778
ENCFF305DQQ:missed_target=SLC44A4|chr6:31830969-31846823, target=ZNF778
NEU1-Promoter|RPL13|ZNF778|ZNF778|SLC44A4ENCFF924RZC:missed_target=ZNF624|chr17:16524048-16557167, target=SOX13
SOX13|ZNF624|SOX13ENCFF695DZB:missed_target=PPM1G-Cterm|chr2:27603066-27604066, target=ZNF513
ZNF513|PPM1G-CtermENCFF074LAP:missed_target=chr18:62043001-62044001, target=IKZF3
ENCFF074LAP:missed_target=HOXA13|chr7:27236499-27239725, target=IKZF3
IKZF3|chr18:62043001-62044001|HOXA13ENCFF436KKW:missed_target=ERF|chr19:42751713-42759316, target=TFCP2
TFCP2|TFCP2|ERFOVOL1|OVOL1ZNF660ARNTLJUNB|JUNBZNF57DLX4ESRRGENCFF981AUN:missed_target=chr5:54153001-54154001, target=ZNF561
chr5:54153001-54154001|ZNF561ENCFF050OAR:missed_target=HOXA13|chr7:27236499-27239725, target=ZNF596
ENCFF050OAR:missed_target=ZNF212|chr7:148936742-148952700, target=ZNF596
HOXA13|ZNF212ZNF253
Output Summary:
1278 of 1324 SE datasets found epitope
1021 of 1059 PE datasets found epitope
825 of 1059 PE datasets identified correct locus
